{"D:\\Downloadss\\pts\\pts\\App.js": {"path":"D:\\Downloadss\\pts\\pts\\App.js","statementMap":{"0":{"start":{"line":33,"column":13},"end":{"line":39,"column":2}},"1":{"start":{"line":40,"column":15},"end":{"line":44,"column":1}},"2":{"start":{"line":45,"column":14},"end":{"line":45,"column":36}},"3":{"start":{"line":46,"column":23},"end":{"line":54,"column":1}},"4":{"start":{"line":56,"column":0},"end":{"line":60,"column":1}},"5":{"start":{"line":57,"column":3},"end":{"line":57,"column":42}},"6":{"start":{"line":59,"column":3},"end":{"line":59,"column":18}},"7":{"start":{"line":62,"column":13},"end":{"line":65,"column":1}},"8":{"start":{"line":66,"column":0},"end":{"line":66,"column":23}},"9":{"start":{"line":67,"column":12},"end":{"line":181,"column":1}},"10":{"start":{"line":68,"column":30},"end":{"line":68,"column":50}},"11":{"start":{"line":77,"column":28},"end":{"line":77,"column":42}},"12":{"start":{"line":78,"column":34},"end":{"line":78,"column":48}},"13":{"start":{"line":79,"column":44},"end":{"line":79,"column":58}},"14":{"start":{"line":82,"column":8},"end":{"line":82,"column":22}},"15":{"start":{"line":84,"column":8},"end":{"line":84,"column":49}},"16":{"start":{"line":84,"column":26},"end":{"line":84,"column":49}},"17":{"start":{"line":85,"column":12},"end":{"line":85,"column":30}},"18":{"start":{"line":87,"column":4},"end":{"line":90,"column":11}},"19":{"start":{"line":88,"column":27},"end":{"line":88,"column":81}},"20":{"start":{"line":89,"column":8},"end":{"line":89,"column":26}},"21":{"start":{"line":92,"column":4},"end":{"line":98,"column":5}},"22":{"start":{"line":93,"column":8},"end":{"line":97,"column":17}},"23":{"start":{"line":103,"column":4},"end":{"line":180,"column":5}},"24":{"start":{"line":184,"column":15},"end":{"line":194,"column":2}}},"fnMap":{"0":{"name":"(anonymous_0)","decl":{"start":{"line":67,"column":12},"end":{"line":67,"column":13}},"loc":{"start":{"line":67,"column":18},"end":{"line":181,"column":1}},"line":67},"1":{"name":"onAuthStateChanged","decl":{"start":{"line":81,"column":13},"end":{"line":81,"column":31}},"loc":{"start":{"line":81,"column":38},"end":{"line":86,"column":9}},"line":81},"2":{"name":"(anonymous_2)","decl":{"start":{"line":87,"column":14},"end":{"line":87,"column":15}},"loc":{"start":{"line":87,"column":20},"end":{"line":90,"column":5}},"line":87}},"branchMap":{"0":{"loc":{"start":{"line":56,"column":0},"end":{"line":60,"column":1}},"type":"if","locations":[{"start":{"line":56,"column":0},"end":{"line":60,"column":1}},{"start":{"line":56,"column":0},"end":{"line":60,"column":1}}],"line":56},"1":{"loc":{"start":{"line":84,"column":8},"end":{"line":84,"column":49}},"type":"if","locations":[{"start":{"line":84,"column":8},"end":{"line":84,"column":49}},{"start":{"line":84,"column":8},"end":{"line":84,"column":49}}],"line":84},"2":{"loc":{"start":{"line":92,"column":4},"end":{"line":98,"column":5}},"type":"if","locations":[{"start":{"line":92,"column":4},"end":{"line":98,"column":5}},{"start":{"line":92,"column":4},"end":{"line":98,"column":5}}],"line":92},"3":{"loc":{"start":{"line":92,"column":8},"end":{"line":92,"column":37}},"type":"binary-expr","locations":[{"start":{"line":92,"column":8},"end":{"line":92,"column":15}},{"start":{"line":92,"column":19},"end":{"line":92,"column":37}}],"line":92},"4":{"loc":{"start":{"line":118,"column":31},"end":{"line":118,"column":60}},"type":"cond-expr","locations":[{"start":{"line":118,"column":38},"end":{"line":118,"column":50}},{"start":{"line":118,"column":53},"end":{"line":118,"column":60}}],"line":118}},"s":{"0":1,"1":1,"2":1,"3":1,"4":1,"5":1,"6":0,"7":1,"8":1,"9":1,"10":1,"11":1,"12":1,"13":1,"14":0,"15":0,"16":0,"17":0,"18":1,"19":0,"20":0,"21":1,"22":1,"23":0,"24":1},"f":{"0":1,"1":0,"2":0},"b":{"0":[1,0],"1":[0,0],"2":[1,0],"3":[1,0],"4":[0,0]},"_coverageSchema":"1a1c01bbd47fc00a2c39e90264f33305004495a9","hash":"ce18f02aebe82f45d05025df4ca1924d663fcfd4"}
,"D:\\Downloadss\\pts\\pts\\Stripe\\config.js": {"path":"D:\\Downloadss\\pts\\pts\\Stripe\\config.js","statementMap":{"0":{"start":{"line":1,"column":30},"end":{"line":1,"column":139}}},"fnMap":{},"branchMap":{},"s":{"0":0},"f":{},"b":{}}
,"D:\\Downloadss\\pts\\pts\\components\\AuthTextButton.js": {"path":"D:\\Downloadss\\pts\\pts\\components\\AuthTextButton.js","statementMap":{"0":{"start":{"line":6,"column":19},"end":{"line":31,"column":1}},"1":{"start":{"line":7,"column":4},"end":{"line":30,"column":5}}},"fnMap":{"0":{"name":"(anonymous_0)","decl":{"start":{"line":6,"column":19},"end":{"line":6,"column":20}},"loc":{"start":{"line":6,"column":81},"end":{"line":31,"column":1}},"line":6}},"branchMap":{},"s":{"0":1,"1":0},"f":{"0":0},"b":{},"_coverageSchema":"1a1c01bbd47fc00a2c39e90264f33305004495a9","hash":"23c7a0aaba787246bb197842685b90c2a8547ac2"}
,"D:\\Downloadss\\pts\\pts\\components\\AuthTextIconButton.js": {"path":"D:\\Downloadss\\pts\\pts\\components\\AuthTextIconButton.js","statementMap":{"0":{"start":{"line":7,"column":23},"end":{"line":55,"column":1}},"1":{"start":{"line":17,"column":4},"end":{"line":54,"column":5}},"2":{"start":{"line":57,"column":15},"end":{"line":64,"column":2}}},"fnMap":{"0":{"name":"(anonymous_0)","decl":{"start":{"line":7,"column":23},"end":{"line":7,"column":24}},"loc":{"start":{"line":16,"column":6},"end":{"line":55,"column":1}},"line":16}},"branchMap":{"0":{"loc":{"start":{"line":27,"column":13},"end":{"line":34,"column":14}},"type":"binary-expr","locations":[{"start":{"line":27,"column":13},"end":{"line":27,"column":35}},{"start":{"line":28,"column":12},"end":{"line":34,"column":14}}],"line":27},"1":{"loc":{"start":{"line":45,"column":13},"end":{"line":52,"column":14}},"type":"binary-expr","locations":[{"start":{"line":45,"column":13},"end":{"line":45,"column":36}},{"start":{"line":46,"column":12},"end":{"line":52,"column":14}}],"line":45}},"s":{"0":1,"1":0,"2":1},"f":{"0":0},"b":{"0":[0,0],"1":[0,0]},"_coverageSchema":"1a1c01bbd47fc00a2c39e90264f33305004495a9","hash":"37fa932845e468c6bd209bbb33462c28c3e6b260"}
,"D:\\Downloadss\\pts\\pts\\components\\CustomSwitch.js": {"path":"D:\\Downloadss\\pts\\pts\\components\\CustomSwitch.js","statementMap":{"0":{"start":{"line":5,"column":21},"end":{"line":41,"column":1}},"1":{"start":{"line":6,"column":4},"end":{"line":40,"column":5}},"2":{"start":{"line":8,"column":25},"end":{"line":8,"column":41}},"3":{"start":{"line":43,"column":13},"end":{"line":67,"column":2}}},"fnMap":{"0":{"name":"(anonymous_0)","decl":{"start":{"line":5,"column":21},"end":{"line":5,"column":22}},"loc":{"start":{"line":5,"column":43},"end":{"line":41,"column":1}},"line":5},"1":{"name":"(anonymous_1)","decl":{"start":{"line":8,"column":21},"end":{"line":8,"column":22}},"loc":{"start":{"line":8,"column":25},"end":{"line":8,"column":41}},"line":8}},"branchMap":{"0":{"loc":{"start":{"line":18,"column":28},"end":{"line":18,"column":86}},"type":"cond-expr","locations":[{"start":{"line":18,"column":36},"end":{"line":18,"column":60}},{"start":{"line":18,"column":61},"end":{"line":18,"column":86}}],"line":18},"1":{"loc":{"start":{"line":23,"column":48},"end":{"line":23,"column":80}},"type":"cond-expr","locations":[{"start":{"line":23,"column":56},"end":{"line":23,"column":68}},{"start":{"line":23,"column":69},"end":{"line":23,"column":80}}],"line":23},"2":{"loc":{"start":{"line":32,"column":30},"end":{"line":32,"column":63}},"type":"cond-expr","locations":[{"start":{"line":32,"column":37},"end":{"line":32,"column":51}},{"start":{"line":32,"column":52},"end":{"line":32,"column":63}}],"line":32}},"s":{"0":1,"1":0,"2":0,"3":1},"f":{"0":0,"1":0},"b":{"0":[0,0],"1":[0,0],"2":[0,0]},"_coverageSchema":"1a1c01bbd47fc00a2c39e90264f33305004495a9","hash":"97c3132bc441a4d19a20627dbd0438baace6aa89"}
,"D:\\Downloadss\\pts\\pts\\components\\FormInput.js": {"path":"D:\\Downloadss\\pts\\pts\\components\\FormInput.js","statementMap":{"0":{"start":{"line":7,"column":18},"end":{"line":81,"column":1}},"1":{"start":{"line":23,"column":4},"end":{"line":80,"column":5}}},"fnMap":{"0":{"name":"(anonymous_0)","decl":{"start":{"line":7,"column":18},"end":{"line":7,"column":19}},"loc":{"start":{"line":22,"column":6},"end":{"line":81,"column":1}},"line":22}},"branchMap":{"0":{"loc":{"start":{"line":16,"column":4},"end":{"line":16,"column":26}},"type":"default-arg","locations":[{"start":{"line":16,"column":17},"end":{"line":16,"column":26}}],"line":16},"1":{"loc":{"start":{"line":17,"column":4},"end":{"line":17,"column":26}},"type":"default-arg","locations":[{"start":{"line":17,"column":21},"end":{"line":17,"column":26}}],"line":17},"2":{"loc":{"start":{"line":18,"column":4},"end":{"line":18,"column":25}},"type":"default-arg","locations":[{"start":{"line":18,"column":19},"end":{"line":18,"column":25}}],"line":18},"3":{"loc":{"start":{"line":19,"column":4},"end":{"line":19,"column":17}},"type":"default-arg","locations":[{"start":{"line":19,"column":15},"end":{"line":19,"column":17}}],"line":19}},"s":{"0":1,"1":0},"f":{"0":0},"b":{"0":[0],"1":[0],"2":[0],"3":[0]},"_coverageSchema":"1a1c01bbd47fc00a2c39e90264f33305004495a9","hash":"b335eae614c223033937827c8ff7f4772f585b17"}
,"D:\\Downloadss\\pts\\pts\\components\\Header.js": {"path":"D:\\Downloadss\\pts\\pts\\components\\Header.js","statementMap":{"0":{"start":{"line":5,"column":14},"end":{"line":34,"column":1}},"1":{"start":{"line":6,"column":4},"end":{"line":33,"column":5}}},"fnMap":{"0":{"name":"(anonymous_0)","decl":{"start":{"line":5,"column":14},"end":{"line":5,"column":15}},"loc":{"start":{"line":5,"column":69},"end":{"line":34,"column":1}},"line":5}},"branchMap":{},"s":{"0":1,"1":0},"f":{"0":0},"b":{},"_coverageSchema":"1a1c01bbd47fc00a2c39e90264f33305004495a9","hash":"adf40e513d32a949a38f3d86a2c41930a9a7f552"}
,"D:\\Downloadss\\pts\\pts\\components\\HeaderBar.js": {"path":"D:\\Downloadss\\pts\\pts\\components\\HeaderBar.js","statementMap":{"0":{"start":{"line":6,"column":18},"end":{"line":18,"column":1}},"1":{"start":{"line":7,"column":4},"end":{"line":17,"column":5}}},"fnMap":{"0":{"name":"(anonymous_0)","decl":{"start":{"line":6,"column":18},"end":{"line":6,"column":19}},"loc":{"start":{"line":6,"column":66},"end":{"line":18,"column":1}},"line":6}},"branchMap":{},"s":{"0":0,"1":0},"f":{"0":0},"b":{}}
,"D:\\Downloadss\\pts\\pts\\components\\HorizontalFoodCard.js": {"path":"D:\\Downloadss\\pts\\pts\\components\\HorizontalFoodCard.js","statementMap":{"0":{"start":{"line":10,"column":26},"end":{"line":65,"column":1}},"1":{"start":{"line":11,"column":4},"end":{"line":64,"column":5}}},"fnMap":{"0":{"name":"(anonymous_0)","decl":{"start":{"line":10,"column":26},"end":{"line":10,"column":27}},"loc":{"start":{"line":10,"column":70},"end":{"line":65,"column":1}},"line":10}},"branchMap":{},"s":{"0":1,"1":0},"f":{"0":0},"b":{},"_coverageSchema":"1a1c01bbd47fc00a2c39e90264f33305004495a9","hash":"dc9060e8d90a1214782c3d8e388f6aedfb9bcfe6"}
,"D:\\Downloadss\\pts\\pts\\components\\IconButton.js": {"path":"D:\\Downloadss\\pts\\pts\\components\\IconButton.js","statementMap":{"0":{"start":{"line":8,"column":18},"end":{"line":24,"column":1}},"1":{"start":{"line":9,"column":4},"end":{"line":23,"column":5}}},"fnMap":{"0":{"name":"(anonymous_0)","decl":{"start":{"line":8,"column":18},"end":{"line":8,"column":19}},"loc":{"start":{"line":8,"column":61},"end":{"line":24,"column":1}},"line":8}},"branchMap":{},"s":{"0":1,"1":0},"f":{"0":0},"b":{},"_coverageSchema":"1a1c01bbd47fc00a2c39e90264f33305004495a9","hash":"9af9a61ba3010d47031b544d106b64436e1fe094"}
,"D:\\Downloadss\\pts\\pts\\components\\Rating.js": {"path":"D:\\Downloadss\\pts\\pts\\components\\Rating.js","statementMap":{"0":{"start":{"line":7,"column":10},"end":{"line":7,"column":43}},"1":{"start":{"line":10,"column":4},"end":{"line":10,"column":29}},"2":{"start":{"line":14,"column":4},"end":{"line":14,"column":30}},"3":{"start":{"line":15,"column":4},"end":{"line":15,"column":53}},"4":{"start":{"line":15,"column":27},"end":{"line":15,"column":53}},"5":{"start":{"line":19,"column":18},"end":{"line":19,"column":20}},"6":{"start":{"line":20,"column":16},"end":{"line":20,"column":35}},"7":{"start":{"line":22,"column":4},"end":{"line":35,"column":5}},"8":{"start":{"line":22,"column":17},"end":{"line":22,"column":18}},"9":{"start":{"line":23,"column":6},"end":{"line":34,"column":8}},"10":{"start":{"line":27,"column":25},"end":{"line":27,"column":39}},"11":{"start":{"line":37,"column":4},"end":{"line":37,"column":65}},"12":{"start":{"line":43,"column":4},"end":{"line":44,"column":32}},"13":{"start":{"line":43,"column":25},"end":{"line":43,"column":47}},"14":{"start":{"line":44,"column":9},"end":{"line":44,"column":32}},"15":{"start":{"line":48,"column":4},"end":{"line":57,"column":6}},"16":{"start":{"line":52,"column":23},"end":{"line":52,"column":43}}},"fnMap":{"0":{"name":"(anonymous_0)","decl":{"start":{"line":9,"column":2},"end":{"line":9,"column":3}},"loc":{"start":{"line":9,"column":24},"end":{"line":11,"column":3}},"line":9},"1":{"name":"(anonymous_1)","decl":{"start":{"line":13,"column":2},"end":{"line":13,"column":3}},"loc":{"start":{"line":13,"column":17},"end":{"line":16,"column":3}},"line":13},"2":{"name":"(anonymous_2)","decl":{"start":{"line":18,"column":2},"end":{"line":18,"column":3}},"loc":{"start":{"line":18,"column":11},"end":{"line":38,"column":3}},"line":18},"3":{"name":"(anonymous_3)","decl":{"start":{"line":27,"column":19},"end":{"line":27,"column":20}},"loc":{"start":{"line":27,"column":25},"end":{"line":27,"column":39}},"line":27},"4":{"name":"(anonymous_4)","decl":{"start":{"line":42,"column":2},"end":{"line":42,"column":3}},"loc":{"start":{"line":42,"column":22},"end":{"line":45,"column":3}},"line":42},"5":{"name":"(anonymous_5)","decl":{"start":{"line":47,"column":2},"end":{"line":47,"column":3}},"loc":{"start":{"line":47,"column":11},"end":{"line":58,"column":3}},"line":47},"6":{"name":"(anonymous_6)","decl":{"start":{"line":52,"column":15},"end":{"line":52,"column":16}},"loc":{"start":{"line":52,"column":23},"end":{"line":52,"column":43}},"line":52}},"branchMap":{"0":{"loc":{"start":{"line":7,"column":20},"end":{"line":7,"column":41}},"type":"binary-expr","locations":[{"start":{"line":7,"column":20},"end":{"line":7,"column":36}},{"start":{"line":7,"column":40},"end":{"line":7,"column":41}}],"line":7},"1":{"loc":{"start":{"line":15,"column":4},"end":{"line":15,"column":53}},"type":"if","locations":[{"start":{"line":15,"column":4},"end":{"line":15,"column":53}},{"start":{"line":15,"column":4},"end":{"line":15,"column":53}}],"line":15},"2":{"loc":{"start":{"line":20,"column":16},"end":{"line":20,"column":35}},"type":"binary-expr","locations":[{"start":{"line":20,"column":16},"end":{"line":20,"column":30}},{"start":{"line":20,"column":34},"end":{"line":20,"column":35}}],"line":20},"3":{"loc":{"start":{"line":25,"column":20},"end":{"line":25,"column":65}},"type":"binary-expr","locations":[{"start":{"line":25,"column":20},"end":{"line":25,"column":39}},{"start":{"line":25,"column":43},"end":{"line":25,"column":65}}],"line":25},"4":{"loc":{"start":{"line":30,"column":18},"end":{"line":30,"column":39}},"type":"binary-expr","locations":[{"start":{"line":30,"column":18},"end":{"line":30,"column":33}},{"start":{"line":30,"column":37},"end":{"line":30,"column":39}}],"line":30},"5":{"loc":{"start":{"line":31,"column":17},"end":{"line":31,"column":62}},"type":"binary-expr","locations":[{"start":{"line":31,"column":17},"end":{"line":31,"column":31}},{"start":{"line":31,"column":35},"end":{"line":31,"column":62}}],"line":31},"6":{"loc":{"start":{"line":43,"column":4},"end":{"line":44,"column":32}},"type":"if","locations":[{"start":{"line":43,"column":4},"end":{"line":44,"column":32}},{"start":{"line":43,"column":4},"end":{"line":44,"column":32}}],"line":43}},"s":{"0":0,"1":0,"2":0,"3":0,"4":0,"5":0,"6":0,"7":0,"8":0,"9":0,"10":0,"11":0,"12":0,"13":0,"14":0,"15":0,"16":0},"f":{"0":0,"1":0,"2":0,"3":0,"4":0,"5":0,"6":0},"b":{"0":[0,0],"1":[0,0],"2":[0,0],"3":[0,0],"4":[0,0],"5":[0,0],"6":[0,0]},"_coverageSchema":"1a1c01bbd47fc00a2c39e90264f33305004495a9","hash":"75cd409cfcdb133bed5fee90bce6738d52a87cf5"}
,"D:\\Downloadss\\pts\\pts\\components\\SwipeButton.js": {"path":"D:\\Downloadss\\pts\\pts\\components\\SwipeButton.js","statementMap":{"0":{"start":{"line":19,"column":21},"end":{"line":19,"column":24}},"1":{"start":{"line":20,"column":22},"end":{"line":20,"column":24}},"2":{"start":{"line":21,"column":23},"end":{"line":21,"column":25}},"3":{"start":{"line":22,"column":29},"end":{"line":22,"column":63}},"4":{"start":{"line":24,"column":21},"end":{"line":24,"column":62}},"5":{"start":{"line":25,"column":22},"end":{"line":25,"column":78}},"6":{"start":{"line":26,"column":31},"end":{"line":26,"column":79}},"7":{"start":{"line":28,"column":20},"end":{"line":130,"column":1}},"8":{"start":{"line":30,"column":12},"end":{"line":30,"column":29}},"9":{"start":{"line":32,"column":32},"end":{"line":32,"column":47}},"10":{"start":{"line":35,"column":25},"end":{"line":40,"column":3}},"11":{"start":{"line":36,"column":4},"end":{"line":39,"column":5}},"12":{"start":{"line":37,"column":6},"end":{"line":37,"column":28}},"13":{"start":{"line":38,"column":6},"end":{"line":38,"column":26}},"14":{"start":{"line":43,"column":33},"end":{"line":68,"column":4}},"15":{"start":{"line":45,"column":6},"end":{"line":45,"column":30}},"16":{"start":{"line":49,"column":6},"end":{"line":53,"column":7}},"17":{"start":{"line":50,"column":8},"end":{"line":50,"column":50}},"18":{"start":{"line":52,"column":8},"end":{"line":52,"column":34}},"19":{"start":{"line":55,"column":6},"end":{"line":57,"column":7}},"20":{"start":{"line":56,"column":8},"end":{"line":56,"column":27}},"21":{"start":{"line":60,"column":6},"end":{"line":66,"column":7}},"22":{"start":{"line":61,"column":8},"end":{"line":61,"column":32}},"23":{"start":{"line":62,"column":8},"end":{"line":62,"column":39}},"24":{"start":{"line":64,"column":8},"end":{"line":64,"column":44}},"25":{"start":{"line":65,"column":8},"end":{"line":65,"column":38}},"26":{"start":{"line":70,"column":28},"end":{"line":70,"column":46}},"27":{"start":{"line":71,"column":25},"end":{"line":112,"column":3}},"28":{"start":{"line":73,"column":6},"end":{"line":73,"column":16}},"29":{"start":{"line":76,"column":6},"end":{"line":80,"column":8}},"30":{"start":{"line":83,"column":6},"end":{"line":90,"column":8}},"31":{"start":{"line":93,"column":6},"end":{"line":110,"column":8}},"32":{"start":{"line":114,"column":2},"end":{"line":129,"column":4}},"33":{"start":{"line":132,"column":15},"end":{"line":165,"column":2}}},"fnMap":{"0":{"name":"(anonymous_0)","decl":{"start":{"line":28,"column":20},"end":{"line":28,"column":21}},"loc":{"start":{"line":28,"column":36},"end":{"line":130,"column":1}},"line":28},"1":{"name":"(anonymous_1)","decl":{"start":{"line":35,"column":25},"end":{"line":35,"column":26}},"loc":{"start":{"line":35,"column":40},"end":{"line":40,"column":3}},"line":35},"2":{"name":"(anonymous_2)","decl":{"start":{"line":44,"column":13},"end":{"line":44,"column":14}},"loc":{"start":{"line":44,"column":25},"end":{"line":46,"column":5}},"line":44},"3":{"name":"(anonymous_3)","decl":{"start":{"line":47,"column":14},"end":{"line":47,"column":15}},"loc":{"start":{"line":47,"column":26},"end":{"line":58,"column":5}},"line":47},"4":{"name":"(anonymous_4)","decl":{"start":{"line":59,"column":11},"end":{"line":59,"column":12}},"loc":{"start":{"line":59,"column":17},"end":{"line":67,"column":5}},"line":59},"5":{"name":"(anonymous_5)","decl":{"start":{"line":72,"column":32},"end":{"line":72,"column":33}},"loc":{"start":{"line":72,"column":38},"end":{"line":74,"column":5}},"line":72},"6":{"name":"(anonymous_6)","decl":{"start":{"line":75,"column":32},"end":{"line":75,"column":33}},"loc":{"start":{"line":75,"column":38},"end":{"line":81,"column":5}},"line":75},"7":{"name":"(anonymous_7)","decl":{"start":{"line":82,"column":32},"end":{"line":82,"column":33}},"loc":{"start":{"line":82,"column":38},"end":{"line":91,"column":5}},"line":82},"8":{"name":"(anonymous_8)","decl":{"start":{"line":92,"column":32},"end":{"line":92,"column":33}},"loc":{"start":{"line":92,"column":38},"end":{"line":111,"column":5}},"line":92}},"branchMap":{"0":{"loc":{"start":{"line":36,"column":4},"end":{"line":39,"column":5}},"type":"if","locations":[{"start":{"line":36,"column":4},"end":{"line":39,"column":5}},{"start":{"line":36,"column":4},"end":{"line":39,"column":5}}],"line":36},"1":{"loc":{"start":{"line":49,"column":6},"end":{"line":53,"column":7}},"type":"if","locations":[{"start":{"line":49,"column":6},"end":{"line":53,"column":7}},{"start":{"line":49,"column":6},"end":{"line":53,"column":7}}],"line":49},"2":{"loc":{"start":{"line":55,"column":6},"end":{"line":57,"column":7}},"type":"if","locations":[{"start":{"line":55,"column":6},"end":{"line":57,"column":7}},{"start":{"line":55,"column":6},"end":{"line":57,"column":7}}],"line":55},"3":{"loc":{"start":{"line":55,"column":10},"end":{"line":55,"column":52}},"type":"binary-expr","locations":[{"start":{"line":55,"column":10},"end":{"line":55,"column":23}},{"start":{"line":55,"column":27},"end":{"line":55,"column":52}}],"line":55},"4":{"loc":{"start":{"line":60,"column":6},"end":{"line":66,"column":7}},"type":"if","locations":[{"start":{"line":60,"column":6},"end":{"line":66,"column":7}},{"start":{"line":60,"column":6},"end":{"line":66,"column":7}}],"line":60}},"s":{"0":1,"1":1,"2":1,"3":1,"4":1,"5":1,"6":1,"7":1,"8":0,"9":0,"10":0,"11":0,"12":0,"13":0,"14":0,"15":0,"16":0,"17":0,"18":0,"19":0,"20":0,"21":0,"22":0,"23":0,"24":0,"25":0,"26":0,"27":0,"28":0,"29":0,"30":0,"31":0,"32":0,"33":1},"f":{"0":0,"1":0,"2":0,"3":0,"4":0,"5":0,"6":0,"7":0,"8":0},"b":{"0":[0,0],"1":[0,0],"2":[0,0],"3":[0,0],"4":[0,0]},"_coverageSchema":"1a1c01bbd47fc00a2c39e90264f33305004495a9","hash":"0f9cd9424cd8ce436f70158e48197ee0bcdf859f"}
,"D:\\Downloadss\\pts\\pts\\components\\TextButton.js": {"path":"D:\\Downloadss\\pts\\pts\\components\\TextButton.js","statementMap":{"0":{"start":{"line":7,"column":18},"end":{"line":27,"column":1}},"1":{"start":{"line":8,"column":0},"end":{"line":26,"column":1}}},"fnMap":{"0":{"name":"(anonymous_0)","decl":{"start":{"line":7,"column":18},"end":{"line":7,"column":19}},"loc":{"start":{"line":7,"column":69},"end":{"line":27,"column":1}},"line":7}},"branchMap":{},"s":{"0":1,"1":0},"f":{"0":0},"b":{},"_coverageSchema":"1a1c01bbd47fc00a2c39e90264f33305004495a9","hash":"809d018d4eff5c95fe8539a979837de7f09d4542"}
,"D:\\Downloadss\\pts\\pts\\components\\TextIconButton.js": {"path":"D:\\Downloadss\\pts\\pts\\components\\TextIconButton.js","statementMap":{"0":{"start":{"line":7,"column":21},"end":{"line":31,"column":1}},"1":{"start":{"line":8,"column":4},"end":{"line":30,"column":5}}},"fnMap":{"0":{"name":"(anonymous_0)","decl":{"start":{"line":7,"column":21},"end":{"line":7,"column":22}},"loc":{"start":{"line":7,"column":81},"end":{"line":31,"column":1}},"line":7}},"branchMap":{},"s":{"0":1,"1":0},"f":{"0":0},"b":{},"_coverageSchema":"1a1c01bbd47fc00a2c39e90264f33305004495a9","hash":"cf74ecda2a75bab782be5c19ab501639cab212d4"}
,"D:\\Downloadss\\pts\\pts\\components\\TwoPointSlider.js": {"path":"D:\\Downloadss\\pts\\pts\\components\\TwoPointSlider.js","statementMap":{"0":{"start":{"line":10,"column":22},"end":{"line":65,"column":1}},"1":{"start":{"line":11,"column":4},"end":{"line":64,"column":5}},"2":{"start":{"line":29,"column":12},"end":{"line":59,"column":13}},"3":{"start":{"line":62,"column":34},"end":{"line":62,"column":56}},"4":{"start":{"line":67,"column":13},"end":{"line":77,"column":2}}},"fnMap":{"0":{"name":"(anonymous_0)","decl":{"start":{"line":10,"column":22},"end":{"line":10,"column":23}},"loc":{"start":{"line":10,"column":72},"end":{"line":65,"column":1}},"line":10},"1":{"name":"(anonymous_1)","decl":{"start":{"line":28,"column":22},"end":{"line":28,"column":23}},"loc":{"start":{"line":28,"column":27},"end":{"line":60,"column":9}},"line":28},"2":{"name":"(anonymous_2)","decl":{"start":{"line":62,"column":24},"end":{"line":62,"column":25}},"loc":{"start":{"line":62,"column":34},"end":{"line":62,"column":56}},"line":62}},"branchMap":{},"s":{"0":0,"1":0,"2":0,"3":0,"4":0},"f":{"0":0,"1":0,"2":0},"b":{}}
,"D:\\Downloadss\\pts\\pts\\components\\VerticalFoodCard.js": {"path":"D:\\Downloadss\\pts\\pts\\components\\VerticalFoodCard.js","statementMap":{"0":{"start":{"line":9,"column":24},"end":{"line":77,"column":1}},"1":{"start":{"line":10,"column":4},"end":{"line":76,"column":5}}},"fnMap":{"0":{"name":"(anonymous_0)","decl":{"start":{"line":9,"column":24},"end":{"line":9,"column":25}},"loc":{"start":{"line":9,"column":68},"end":{"line":77,"column":1}},"line":9}},"branchMap":{"0":{"loc":{"start":{"line":39,"column":53},"end":{"line":39,"column":96}},"type":"cond-expr","locations":[{"start":{"line":39,"column":69},"end":{"line":39,"column":83}},{"start":{"line":39,"column":85},"end":{"line":39,"column":96}}],"line":39}},"s":{"0":1,"1":0},"f":{"0":0},"b":{"0":[0,0]},"_coverageSchema":"1a1c01bbd47fc00a2c39e90264f33305004495a9","hash":"7239b9c87f4179254166f1811ce0464aa94b5630"}
,"D:\\Downloadss\\pts\\pts\\components\\index.js": {"path":"D:\\Downloadss\\pts\\pts\\components\\index.js","statementMap":{},"fnMap":{},"branchMap":{},"s":{},"f":{},"b":{},"_coverageSchema":"1a1c01bbd47fc00a2c39e90264f33305004495a9","hash":"718b7d7f0ce04b55a888587c42e7dd246372032a"}
,"D:\\Downloadss\\pts\\pts\\constants\\constants.js": {"path":"D:\\Downloadss\\pts\\pts\\constants\\constants.js","statementMap":{"0":{"start":{"line":1,"column":27},"end":{"line":23,"column":1}},"1":{"start":{"line":25,"column":16},"end":{"line":34,"column":1}},"2":{"start":{"line":36,"column":20},"end":{"line":57,"column":1}},"3":{"start":{"line":59,"column":22},"end":{"line":72,"column":1}},"4":{"start":{"line":74,"column":16},"end":{"line":95,"column":1}},"5":{"start":{"line":97,"column":13},"end":{"line":130,"column":1}}},"fnMap":{},"branchMap":{},"s":{"0":1,"1":1,"2":1,"3":1,"4":1,"5":1},"f":{},"b":{},"_coverageSchema":"1a1c01bbd47fc00a2c39e90264f33305004495a9","hash":"9f88913529894898232312775f97ecf0fb4afd1d"}
,"D:\\Downloadss\\pts\\pts\\constants\\dummyData.js": {"path":"D:\\Downloadss\\pts\\pts\\constants\\dummyData.js","statementMap":{"0":{"start":{"line":1,"column":18},"end":{"line":5,"column":1}},"1":{"start":{"line":7,"column":19},"end":{"line":23,"column":1}},"2":{"start":{"line":25,"column":18},"end":{"line":34,"column":1}},"3":{"start":{"line":36,"column":17},"end":{"line":45,"column":1}},"4":{"start":{"line":47,"column":19},"end":{"line":56,"column":1}},"5":{"start":{"line":58,"column":21},"end":{"line":67,"column":1}},"6":{"start":{"line":69,"column":13},"end":{"line":113,"column":1}},"7":{"start":{"line":116,"column":16},"end":{"line":116,"column":54}}},"fnMap":{},"branchMap":{},"s":{"0":1,"1":1,"2":1,"3":1,"4":1,"5":1,"6":1,"7":1},"f":{},"b":{},"_coverageSchema":"1a1c01bbd47fc00a2c39e90264f33305004495a9","hash":"5d20508b6d25f903a469c5724e1c8352362b466c"}
,"D:\\Downloadss\\pts\\pts\\constants\\icons.js": {"path":"D:\\Downloadss\\pts\\pts\\constants\\icons.js","statementMap":{"0":{"start":{"line":1,"column":15},"end":{"line":1,"column":52}},"1":{"start":{"line":2,"column":14},"end":{"line":2,"column":50}},"2":{"start":{"line":3,"column":13},"end":{"line":3,"column":48}},"3":{"start":{"line":4,"column":13},"end":{"line":4,"column":48}},"4":{"start":{"line":5,"column":15},"end":{"line":5,"column":52}},"5":{"start":{"line":6,"column":15},"end":{"line":6,"column":52}},"6":{"start":{"line":7,"column":19},"end":{"line":7,"column":60}},"7":{"start":{"line":8,"column":12},"end":{"line":8,"column":46}},"8":{"start":{"line":9,"column":18},"end":{"line":9,"column":58}},"9":{"start":{"line":10,"column":18},"end":{"line":10,"column":58}},"10":{"start":{"line":11,"column":11},"end":{"line":11,"column":44}},"11":{"start":{"line":12,"column":15},"end":{"line":12,"column":52}},"12":{"start":{"line":13,"column":15},"end":{"line":13,"column":52}},"13":{"start":{"line":14,"column":15},"end":{"line":14,"column":52}},"14":{"start":{"line":15,"column":16},"end":{"line":15,"column":54}},"15":{"start":{"line":16,"column":13},"end":{"line":16,"column":48}},"16":{"start":{"line":17,"column":13},"end":{"line":17,"column":48}},"17":{"start":{"line":18,"column":17},"end":{"line":18,"column":56}},"18":{"start":{"line":19,"column":13},"end":{"line":19,"column":48}},"19":{"start":{"line":20,"column":17},"end":{"line":20,"column":56}},"20":{"start":{"line":21,"column":15},"end":{"line":21,"column":52}},"21":{"start":{"line":22,"column":21},"end":{"line":22,"column":64}},"22":{"start":{"line":23,"column":16},"end":{"line":23,"column":54}},"23":{"start":{"line":24,"column":16},"end":{"line":24,"column":54}},"24":{"start":{"line":25,"column":13},"end":{"line":25,"column":48}},"25":{"start":{"line":26,"column":15},"end":{"line":26,"column":52}},"26":{"start":{"line":27,"column":13},"end":{"line":27,"column":48}},"27":{"start":{"line":28,"column":13},"end":{"line":28,"column":48}},"28":{"start":{"line":29,"column":15},"end":{"line":29,"column":52}},"29":{"start":{"line":30,"column":20},"end":{"line":30,"column":62}},"30":{"start":{"line":31,"column":12},"end":{"line":31,"column":46}}},"fnMap":{},"branchMap":{},"s":{"0":1,"1":1,"2":1,"3":1,"4":1,"5":1,"6":1,"7":1,"8":1,"9":1,"10":1,"11":1,"12":1,"13":1,"14":1,"15":1,"16":1,"17":1,"18":1,"19":1,"20":1,"21":1,"22":1,"23":1,"24":1,"25":1,"26":1,"27":1,"28":1,"29":1,"30":1},"f":{},"b":{},"_coverageSchema":"1a1c01bbd47fc00a2c39e90264f33305004495a9","hash":"89ca6798090e83310e720de081a0842b41750660"}
,"D:\\Downloadss\\pts\\pts\\constants\\images.js": {"path":"D:\\Downloadss\\pts\\pts\\constants\\images.js","statementMap":{"0":{"start":{"line":1,"column":22},"end":{"line":1,"column":67}},"1":{"start":{"line":2,"column":22},"end":{"line":2,"column":67}},"2":{"start":{"line":3,"column":23},"end":{"line":3,"column":69}},"3":{"start":{"line":4,"column":19},"end":{"line":4,"column":61}},"4":{"start":{"line":5,"column":21},"end":{"line":5,"column":65}},"5":{"start":{"line":6,"column":16},"end":{"line":6,"column":55}},"6":{"start":{"line":7,"column":16},"end":{"line":7,"column":55}},"7":{"start":{"line":8,"column":16},"end":{"line":8,"column":55}},"8":{"start":{"line":10,"column":17},"end":{"line":10,"column":57}},"9":{"start":{"line":11,"column":17},"end":{"line":11,"column":57}},"10":{"start":{"line":12,"column":17},"end":{"line":12,"column":57}},"11":{"start":{"line":13,"column":17},"end":{"line":13,"column":57}},"12":{"start":{"line":14,"column":17},"end":{"line":14,"column":57}},"13":{"start":{"line":15,"column":20},"end":{"line":15,"column":63}},"14":{"start":{"line":16,"column":28},"end":{"line":16,"column":77}},"15":{"start":{"line":17,"column":28},"end":{"line":17,"column":79}},"16":{"start":{"line":18,"column":24},"end":{"line":18,"column":71}},"17":{"start":{"line":19,"column":30},"end":{"line":19,"column":83}},"18":{"start":{"line":20,"column":25},"end":{"line":20,"column":73}},"19":{"start":{"line":21,"column":23},"end":{"line":21,"column":69}},"20":{"start":{"line":22,"column":37},"end":{"line":22,"column":97}},"21":{"start":{"line":23,"column":27},"end":{"line":23,"column":77}},"22":{"start":{"line":24,"column":19},"end":{"line":24,"column":61}},"23":{"start":{"line":25,"column":28},"end":{"line":25,"column":79}},"24":{"start":{"line":26,"column":23},"end":{"line":26,"column":69}},"25":{"start":{"line":27,"column":18},"end":{"line":27,"column":59}},"26":{"start":{"line":28,"column":17},"end":{"line":28,"column":57}},"27":{"start":{"line":29,"column":28},"end":{"line":29,"column":79}},"28":{"start":{"line":30,"column":19},"end":{"line":30,"column":61}},"29":{"start":{"line":31,"column":20},"end":{"line":31,"column":63}},"30":{"start":{"line":32,"column":25},"end":{"line":32,"column":73}},"31":{"start":{"line":33,"column":14},"end":{"line":33,"column":51}},"32":{"start":{"line":34,"column":14},"end":{"line":34,"column":51}},"33":{"start":{"line":35,"column":22},"end":{"line":35,"column":67}},"34":{"start":{"line":36,"column":14},"end":{"line":36,"column":51}},"35":{"start":{"line":37,"column":19},"end":{"line":37,"column":61}},"36":{"start":{"line":38,"column":21},"end":{"line":38,"column":65}},"37":{"start":{"line":39,"column":12},"end":{"line":39,"column":47}}},"fnMap":{},"branchMap":{},"s":{"0":1,"1":1,"2":1,"3":1,"4":1,"5":1,"6":1,"7":1,"8":1,"9":1,"10":1,"11":1,"12":1,"13":1,"14":1,"15":1,"16":1,"17":1,"18":1,"19":1,"20":1,"21":1,"22":1,"23":1,"24":1,"25":1,"26":1,"27":1,"28":1,"29":1,"30":1,"31":1,"32":1,"33":1,"34":1,"35":1,"36":1,"37":1},"f":{},"b":{},"_coverageSchema":"1a1c01bbd47fc00a2c39e90264f33305004495a9","hash":"0d1c1d298741e512b1bd8cf4667e45e64d2db2f3"}
,"D:\\Downloadss\\pts\\pts\\constants\\index.js": {"path":"D:\\Downloadss\\pts\\pts\\constants\\index.js","statementMap":{},"fnMap":{},"branchMap":{},"s":{},"f":{},"b":{},"_coverageSchema":"1a1c01bbd47fc00a2c39e90264f33305004495a9","hash":"60fcd4c61b2cb692e7b9d94147db08b654aa5278"}
,"D:\\Downloadss\\pts\\pts\\constants\\maps.js": {"path":"D:\\Downloadss\\pts\\pts\\constants\\maps.js","statementMap":{"0":{"start":{"line":1,"column":23},"end":{"line":1,"column":64}}},"fnMap":{},"branchMap":{},"s":{"0":1},"f":{},"b":{},"_coverageSchema":"1a1c01bbd47fc00a2c39e90264f33305004495a9","hash":"fc80557b8f7875a61c9aff8717553c44b555213b"}
,"D:\\Downloadss\\pts\\pts\\constants\\theme.js": {"path":"D:\\Downloadss\\pts\\pts\\constants\\theme.js","statementMap":{"0":{"start":{"line":2,"column":26},"end":{"line":2,"column":50}},"1":{"start":{"line":4,"column":22},"end":{"line":30,"column":1}},"2":{"start":{"line":31,"column":21},"end":{"line":54,"column":1}},"3":{"start":{"line":55,"column":21},"end":{"line":67,"column":1}},"4":{"start":{"line":69,"column":17},"end":{"line":69,"column":41}}},"fnMap":{},"branchMap":{},"s":{"0":1,"1":1,"2":1,"3":1,"4":1},"f":{},"b":{},"_coverageSchema":"1a1c01bbd47fc00a2c39e90264f33305004495a9","hash":"c77fe8eb8e558f36344cfdb9362d2df08b00334f"}
,"D:\\Downloadss\\pts\\pts\\firebase\\api.js": {"path":"D:\\Downloadss\\pts\\pts\\firebase\\api.js","statementMap":{"0":{"start":{"line":10,"column":2},"end":{"line":31,"column":3}},"1":{"start":{"line":11,"column":4},"end":{"line":11,"column":74}},"2":{"start":{"line":12,"column":24},"end":{"line":12,"column":51}},"3":{"start":{"line":22,"column":15},"end":{"line":22,"column":35}},"4":{"start":{"line":23,"column":4},"end":{"line":28,"column":9}},"5":{"start":{"line":30,"column":4},"end":{"line":30,"column":61}},"6":{"start":{"line":34,"column":2},"end":{"line":47,"column":3}},"7":{"start":{"line":35,"column":4},"end":{"line":35,"column":74}},"8":{"start":{"line":36,"column":26},"end":{"line":36,"column":55}},"9":{"start":{"line":38,"column":15},"end":{"line":38,"column":35}},"10":{"start":{"line":39,"column":4},"end":{"line":44,"column":9}},"11":{"start":{"line":46,"column":4},"end":{"line":46,"column":61}},"12":{"start":{"line":51,"column":2},"end":{"line":57,"column":3}},"13":{"start":{"line":52,"column":3},"end":{"line":54,"column":51}},"14":{"start":{"line":56,"column":4},"end":{"line":56,"column":58}},"15":{"start":{"line":61,"column":2},"end":{"line":65,"column":3}},"16":{"start":{"line":62,"column":4},"end":{"line":62,"column":36}},"17":{"start":{"line":64,"column":4},"end":{"line":64,"column":58}},"18":{"start":{"line":69,"column":15},"end":{"line":69,"column":20}},"19":{"start":{"line":70,"column":2},"end":{"line":83,"column":3}},"20":{"start":{"line":71,"column":4},"end":{"line":80,"column":6}},"21":{"start":{"line":72,"column":6},"end":{"line":79,"column":7}},"22":{"start":{"line":73,"column":8},"end":{"line":73,"column":21}},"23":{"start":{"line":74,"column":8},"end":{"line":74,"column":21}},"24":{"start":{"line":77,"column":8},"end":{"line":77,"column":22}},"25":{"start":{"line":78,"column":8},"end":{"line":78,"column":21}},"26":{"start":{"line":82,"column":4},"end":{"line":82,"column":67}},"27":{"start":{"line":84,"column":2},"end":{"line":84,"column":15}}},"fnMap":{"0":{"name":"customerRegistration","decl":{"start":{"line":9,"column":22},"end":{"line":9,"column":42}},"loc":{"start":{"line":9,"column":60},"end":{"line":32,"column":1}},"line":9},"1":{"name":"vendorRegistration","decl":{"start":{"line":33,"column":22},"end":{"line":33,"column":40}},"loc":{"start":{"line":33,"column":58},"end":{"line":48,"column":1}},"line":33},"2":{"name":"signIn","decl":{"start":{"line":50,"column":22},"end":{"line":50,"column":28}},"loc":{"start":{"line":50,"column":46},"end":{"line":58,"column":1}},"line":50},"3":{"name":"loggingOut","decl":{"start":{"line":60,"column":22},"end":{"line":60,"column":32}},"loc":{"start":{"line":60,"column":35},"end":{"line":66,"column":1}},"line":60},"4":{"name":"checkVendorExist","decl":{"start":{"line":68,"column":22},"end":{"line":68,"column":38}},"loc":{"start":{"line":68,"column":40},"end":{"line":85,"column":1}},"line":68},"5":{"name":"(anonymous_5)","decl":{"start":{"line":71,"column":99},"end":{"line":71,"column":100}},"loc":{"start":{"line":71,"column":109},"end":{"line":80,"column":5}},"line":71}},"branchMap":{"0":{"loc":{"start":{"line":72,"column":6},"end":{"line":79,"column":7}},"type":"if","locations":[{"start":{"line":72,"column":6},"end":{"line":79,"column":7}},{"start":{"line":72,"column":6},"end":{"line":79,"column":7}}],"line":72}},"s":{"0":0,"1":0,"2":0,"3":0,"4":0,"5":0,"6":0,"7":0,"8":0,"9":0,"10":0,"11":0,"12":0,"13":0,"14":0,"15":0,"16":0,"17":0,"18":0,"19":0,"20":0,"21":0,"22":0,"23":0,"24":0,"25":0,"26":0,"27":0},"f":{"0":0,"1":0,"2":0,"3":0,"4":0,"5":0},"b":{"0":[0,0]},"_coverageSchema":"1a1c01bbd47fc00a2c39e90264f33305004495a9","hash":"dcea38d8bb695a693453e2a21d01fc5b36b746cb"}
,"D:\\Downloadss\\pts\\pts\\firebase\\config.js": {"path":"D:\\Downloadss\\pts\\pts\\firebase\\config.js","statementMap":{"0":{"start":{"line":12,"column":23},"end":{"line":20,"column":1}},"1":{"start":{"line":23,"column":12},"end":{"line":23,"column":41}},"2":{"start":{"line":24,"column":18},"end":{"line":24,"column":35}}},"fnMap":{},"branchMap":{},"s":{"0":0,"1":0,"2":0},"f":{},"b":{}}
,"D:\\Downloadss\\pts\\pts\\navigation\\customdrawer.js": {"path":"D:\\Downloadss\\pts\\pts\\navigation\\customdrawer.js","statementMap":{"0":{"start":{"line":32,"column":18},"end":{"line":40,"column":1}},"1":{"start":{"line":41,"column":24},"end":{"line":48,"column":1}},"2":{"start":{"line":51,"column":15},"end":{"line":51,"column":38}},"3":{"start":{"line":53,"column":24},"end":{"line":90,"column":1}},"4":{"start":{"line":56,"column":4},"end":{"line":89,"column":5}},"5":{"start":{"line":92,"column":28},"end":{"line":259,"column":1}},"6":{"start":{"line":93,"column":33},"end":{"line":98,"column":6}},"7":{"start":{"line":99,"column":4},"end":{"line":258,"column":5}},"8":{"start":{"line":122,"column":37},"end":{"line":122,"column":61}},"9":{"start":{"line":142,"column":33},"end":{"line":142,"column":63}},"10":{"start":{"line":176,"column":28},"end":{"line":176,"column":65}},"11":{"start":{"line":177,"column":28},"end":{"line":177,"column":60}},"12":{"start":{"line":186,"column":28},"end":{"line":186,"column":66}},"13":{"start":{"line":187,"column":28},"end":{"line":187,"column":61}},"14":{"start":{"line":197,"column":28},"end":{"line":197,"column":71}},"15":{"start":{"line":198,"column":28},"end":{"line":198,"column":61}},"16":{"start":{"line":208,"column":28},"end":{"line":208,"column":74}},"17":{"start":{"line":209,"column":28},"end":{"line":209,"column":61}},"18":{"start":{"line":230,"column":28},"end":{"line":230,"column":64}},"19":{"start":{"line":251,"column":37},"end":{"line":251,"column":49}},"20":{"start":{"line":261,"column":19},"end":{"line":378,"column":1}},"21":{"start":{"line":262,"column":35},"end":{"line":262,"column":72}},"22":{"start":{"line":263,"column":28},"end":{"line":263,"column":48}},"23":{"start":{"line":265,"column":8},"end":{"line":265,"column":22}},"24":{"start":{"line":268,"column":4},"end":{"line":271,"column":11}},"25":{"start":{"line":269,"column":27},"end":{"line":269,"column":81}},"26":{"start":{"line":270,"column":8},"end":{"line":270,"column":26}},"27":{"start":{"line":273,"column":17},"end":{"line":276,"column":6}},"28":{"start":{"line":278,"column":24},"end":{"line":281,"column":6}},"29":{"start":{"line":283,"column":25},"end":{"line":283,"column":60}},"30":{"start":{"line":285,"column":4},"end":{"line":377,"column":5}},"31":{"start":{"line":311,"column":17},"end":{"line":314,"column":21}},"32":{"start":{"line":312,"column":20},"end":{"line":312,"column":47}},"33":{"start":{"line":315,"column":17},"end":{"line":321,"column":18}},"34":{"start":{"line":326,"column":28},"end":{"line":328,"column":22}},"35":{"start":{"line":331,"column":28},"end":{"line":333,"column":22}},"36":{"start":{"line":337,"column":28},"end":{"line":339,"column":22}},"37":{"start":{"line":342,"column":28},"end":{"line":344,"column":22}},"38":{"start":{"line":347,"column":28},"end":{"line":349,"column":22}},"39":{"start":{"line":352,"column":28},"end":{"line":354,"column":22}},"40":{"start":{"line":357,"column":28},"end":{"line":359,"column":22}},"41":{"start":{"line":362,"column":28},"end":{"line":364,"column":22}},"42":{"start":{"line":367,"column":28},"end":{"line":369,"column":22}},"43":{"start":{"line":383,"column":4},"end":{"line":385,"column":5}},"44":{"start":{"line":389,"column":4},"end":{"line":394,"column":5}},"45":{"start":{"line":390,"column":39},"end":{"line":391,"column":41}}},"fnMap":{"0":{"name":"(anonymous_0)","decl":{"start":{"line":53,"column":24},"end":{"line":53,"column":25}},"loc":{"start":{"line":53,"column":59},"end":{"line":90,"column":1}},"line":53},"1":{"name":"(anonymous_1)","decl":{"start":{"line":92,"column":28},"end":{"line":92,"column":29}},"loc":{"start":{"line":92,"column":72},"end":{"line":259,"column":1}},"line":92},"2":{"name":"(anonymous_2)","decl":{"start":{"line":94,"column":20},"end":{"line":94,"column":21}},"loc":{"start":{"line":94,"column":29},"end":{"line":97,"column":9}},"line":94},"3":{"name":"(anonymous_3)","decl":{"start":{"line":122,"column":33},"end":{"line":122,"column":34}},"loc":{"start":{"line":122,"column":37},"end":{"line":122,"column":61}},"line":122},"4":{"name":"(anonymous_4)","decl":{"start":{"line":142,"column":29},"end":{"line":142,"column":30}},"loc":{"start":{"line":142,"column":33},"end":{"line":142,"column":63}},"line":142},"5":{"name":"(anonymous_5)","decl":{"start":{"line":175,"column":33},"end":{"line":175,"column":34}},"loc":{"start":{"line":175,"column":37},"end":{"line":178,"column":25}},"line":175},"6":{"name":"(anonymous_6)","decl":{"start":{"line":185,"column":33},"end":{"line":185,"column":34}},"loc":{"start":{"line":185,"column":37},"end":{"line":188,"column":25}},"line":185},"7":{"name":"(anonymous_7)","decl":{"start":{"line":196,"column":33},"end":{"line":196,"column":34}},"loc":{"start":{"line":196,"column":37},"end":{"line":199,"column":25}},"line":196},"8":{"name":"(anonymous_8)","decl":{"start":{"line":207,"column":33},"end":{"line":207,"column":34}},"loc":{"start":{"line":207,"column":37},"end":{"line":210,"column":25}},"line":207},"9":{"name":"(anonymous_9)","decl":{"start":{"line":228,"column":34},"end":{"line":228,"column":35}},"loc":{"start":{"line":228,"column":38},"end":{"line":231,"column":25}},"line":228},"10":{"name":"(anonymous_10)","decl":{"start":{"line":251,"column":33},"end":{"line":251,"column":34}},"loc":{"start":{"line":251,"column":37},"end":{"line":251,"column":49}},"line":251},"11":{"name":"(anonymous_11)","decl":{"start":{"line":261,"column":19},"end":{"line":261,"column":20}},"loc":{"start":{"line":261,"column":51},"end":{"line":378,"column":1}},"line":261},"12":{"name":"onAuthStateChanged","decl":{"start":{"line":264,"column":14},"end":{"line":264,"column":32}},"loc":{"start":{"line":264,"column":39},"end":{"line":267,"column":9}},"line":264},"13":{"name":"(anonymous_13)","decl":{"start":{"line":268,"column":20},"end":{"line":268,"column":21}},"loc":{"start":{"line":268,"column":26},"end":{"line":271,"column":5}},"line":268},"14":{"name":"(anonymous_14)","decl":{"start":{"line":310,"column":28},"end":{"line":310,"column":29}},"loc":{"start":{"line":310,"column":36},"end":{"line":322,"column":14}},"line":310},"15":{"name":"(anonymous_15)","decl":{"start":{"line":311,"column":28},"end":{"line":311,"column":29}},"loc":{"start":{"line":311,"column":32},"end":{"line":314,"column":18}},"line":311},"16":{"name":"(anonymous_16)","decl":{"start":{"line":326,"column":21},"end":{"line":326,"column":22}},"loc":{"start":{"line":326,"column":28},"end":{"line":328,"column":22}},"line":326},"17":{"name":"(anonymous_17)","decl":{"start":{"line":331,"column":21},"end":{"line":331,"column":22}},"loc":{"start":{"line":331,"column":28},"end":{"line":333,"column":22}},"line":331},"18":{"name":"(anonymous_18)","decl":{"start":{"line":337,"column":21},"end":{"line":337,"column":22}},"loc":{"start":{"line":337,"column":28},"end":{"line":339,"column":22}},"line":337},"19":{"name":"(anonymous_19)","decl":{"start":{"line":342,"column":21},"end":{"line":342,"column":22}},"loc":{"start":{"line":342,"column":28},"end":{"line":344,"column":22}},"line":342},"20":{"name":"(anonymous_20)","decl":{"start":{"line":347,"column":21},"end":{"line":347,"column":22}},"loc":{"start":{"line":347,"column":28},"end":{"line":349,"column":22}},"line":347},"21":{"name":"(anonymous_21)","decl":{"start":{"line":352,"column":21},"end":{"line":352,"column":22}},"loc":{"start":{"line":352,"column":28},"end":{"line":354,"column":22}},"line":352},"22":{"name":"(anonymous_22)","decl":{"start":{"line":357,"column":21},"end":{"line":357,"column":22}},"loc":{"start":{"line":357,"column":28},"end":{"line":359,"column":22}},"line":357},"23":{"name":"(anonymous_23)","decl":{"start":{"line":362,"column":21},"end":{"line":362,"column":22}},"loc":{"start":{"line":362,"column":28},"end":{"line":364,"column":22}},"line":362},"24":{"name":"(anonymous_24)","decl":{"start":{"line":367,"column":21},"end":{"line":367,"column":22}},"loc":{"start":{"line":367,"column":28},"end":{"line":369,"column":22}},"line":367},"25":{"name":"mapStateToProps","decl":{"start":{"line":382,"column":9},"end":{"line":382,"column":24}},"loc":{"start":{"line":382,"column":31},"end":{"line":386,"column":1}},"line":382},"26":{"name":"mapDispatchToProps","decl":{"start":{"line":388,"column":9},"end":{"line":388,"column":27}},"loc":{"start":{"line":388,"column":37},"end":{"line":395,"column":1}},"line":388},"27":{"name":"(anonymous_27)","decl":{"start":{"line":390,"column":23},"end":{"line":390,"column":24}},"loc":{"start":{"line":390,"column":38},"end":{"line":393,"column":9}},"line":390}},"branchMap":{"0":{"loc":{"start":{"line":65,"column":28},"end":{"line":65,"column":69}},"type":"cond-expr","locations":[{"start":{"line":65,"column":40},"end":{"line":65,"column":64}},{"start":{"line":65,"column":65},"end":{"line":65,"column":69}}],"line":65}},"s":{"0":1,"1":1,"2":1,"3":1,"4":0,"5":1,"6":0,"7":0,"8":0,"9":0,"10":0,"11":0,"12":0,"13":0,"14":0,"15":0,"16":0,"17":0,"18":0,"19":0,"20":1,"21":0,"22":0,"23":0,"24":0,"25":0,"26":0,"27":0,"28":0,"29":0,"30":0,"31":0,"32":0,"33":0,"34":0,"35":0,"36":0,"37":0,"38":0,"39":0,"40":0,"41":0,"42":0,"43":0,"44":0,"45":0},"f":{"0":0,"1":0,"2":0,"3":0,"4":0,"5":0,"6":0,"7":0,"8":0,"9":0,"10":0,"11":0,"12":0,"13":0,"14":0,"15":0,"16":0,"17":0,"18":0,"19":0,"20":0,"21":0,"22":0,"23":0,"24":0,"25":0,"26":0,"27":0},"b":{"0":[0,0]},"_coverageSchema":"1a1c01bbd47fc00a2c39e90264f33305004495a9","hash":"b81a8c7e5879d0c535839f85b9996e74cfd087a0"}
,"D:\\Downloadss\\pts\\pts\\screens\\MainLayout.js": {"path":"D:\\Downloadss\\pts\\pts\\screens\\MainLayout.js","statementMap":{"0":{"start":{"line":25,"column":17},"end":{"line":82,"column":1}},"1":{"start":{"line":26,"column":4},"end":{"line":81,"column":5}},"2":{"start":{"line":84,"column":19},"end":{"line":380,"column":1}},"3":{"start":{"line":87,"column":23},"end":{"line":87,"column":37}},"4":{"start":{"line":90,"column":24},"end":{"line":90,"column":41}},"5":{"start":{"line":91,"column":25},"end":{"line":91,"column":53}},"6":{"start":{"line":92,"column":26},"end":{"line":92,"column":43}},"7":{"start":{"line":93,"column":27},"end":{"line":93,"column":55}},"8":{"start":{"line":94,"column":24},"end":{"line":94,"column":41}},"9":{"start":{"line":95,"column":25},"end":{"line":95,"column":53}},"10":{"start":{"line":96,"column":32},"end":{"line":96,"column":49}},"11":{"start":{"line":97,"column":33},"end":{"line":97,"column":61}},"12":{"start":{"line":100,"column":26},"end":{"line":104,"column":6}},"13":{"start":{"line":101,"column":8},"end":{"line":103,"column":9}},"14":{"start":{"line":105,"column":27},"end":{"line":109,"column":6}},"15":{"start":{"line":106,"column":8},"end":{"line":108,"column":9}},"16":{"start":{"line":111,"column":28},"end":{"line":115,"column":6}},"17":{"start":{"line":112,"column":8},"end":{"line":114,"column":9}},"18":{"start":{"line":116,"column":29},"end":{"line":120,"column":6}},"19":{"start":{"line":117,"column":8},"end":{"line":119,"column":9}},"20":{"start":{"line":122,"column":26},"end":{"line":126,"column":6}},"21":{"start":{"line":123,"column":8},"end":{"line":125,"column":9}},"22":{"start":{"line":128,"column":27},"end":{"line":132,"column":6}},"23":{"start":{"line":129,"column":8},"end":{"line":131,"column":9}},"24":{"start":{"line":134,"column":35},"end":{"line":138,"column":6}},"25":{"start":{"line":135,"column":12},"end":{"line":137,"column":13}},"26":{"start":{"line":139,"column":35},"end":{"line":143,"column":6}},"27":{"start":{"line":140,"column":12},"end":{"line":142,"column":13}},"28":{"start":{"line":147,"column":4},"end":{"line":149,"column":9}},"29":{"start":{"line":148,"column":8},"end":{"line":148,"column":46}},"30":{"start":{"line":152,"column":4},"end":{"line":197,"column":20}},"31":{"start":{"line":153,"column":8},"end":{"line":163,"column":9}},"32":{"start":{"line":154,"column":12},"end":{"line":157,"column":14}},"33":{"start":{"line":158,"column":12},"end":{"line":158,"column":60}},"34":{"start":{"line":159,"column":12},"end":{"line":159,"column":74}},"35":{"start":{"line":161,"column":12},"end":{"line":161,"column":60}},"36":{"start":{"line":162,"column":12},"end":{"line":162,"column":72}},"37":{"start":{"line":164,"column":8},"end":{"line":174,"column":9}},"38":{"start":{"line":165,"column":12},"end":{"line":168,"column":14}},"39":{"start":{"line":169,"column":12},"end":{"line":169,"column":62}},"40":{"start":{"line":170,"column":12},"end":{"line":170,"column":76}},"41":{"start":{"line":172,"column":12},"end":{"line":172,"column":62}},"42":{"start":{"line":173,"column":12},"end":{"line":173,"column":74}},"43":{"start":{"line":175,"column":8},"end":{"line":185,"column":9}},"44":{"start":{"line":176,"column":12},"end":{"line":179,"column":14}},"45":{"start":{"line":180,"column":12},"end":{"line":180,"column":60}},"46":{"start":{"line":181,"column":12},"end":{"line":181,"column":74}},"47":{"start":{"line":183,"column":12},"end":{"line":183,"column":60}},"48":{"start":{"line":184,"column":12},"end":{"line":184,"column":72}},"49":{"start":{"line":186,"column":8},"end":{"line":196,"column":9}},"50":{"start":{"line":187,"column":12},"end":{"line":190,"column":14}},"51":{"start":{"line":191,"column":12},"end":{"line":191,"column":68}},"52":{"start":{"line":192,"column":12},"end":{"line":192,"column":82}},"53":{"start":{"line":194,"column":12},"end":{"line":194,"column":68}},"54":{"start":{"line":195,"column":12},"end":{"line":195,"column":80}},"55":{"start":{"line":201,"column":4},"end":{"line":379,"column":5}},"56":{"start":{"line":233,"column":29},"end":{"line":233,"column":52}},"57":{"start":{"line":274,"column":39},"end":{"line":274,"column":51}},"58":{"start":{"line":276,"column":21},"end":{"line":290,"column":22}},"59":{"start":{"line":384,"column":4},"end":{"line":386,"column":5}},"60":{"start":{"line":390,"column":4},"end":{"line":395,"column":5}},"61":{"start":{"line":391,"column":39},"end":{"line":392,"column":41}}},"fnMap":{"0":{"name":"(anonymous_0)","decl":{"start":{"line":25,"column":17},"end":{"line":25,"column":18}},"loc":{"start":{"line":25,"column":109},"end":{"line":82,"column":1}},"line":25},"1":{"name":"(anonymous_1)","decl":{"start":{"line":84,"column":19},"end":{"line":84,"column":20}},"loc":{"start":{"line":84,"column":85},"end":{"line":380,"column":1}},"line":84},"2":{"name":"(anonymous_2)","decl":{"start":{"line":100,"column":43},"end":{"line":100,"column":44}},"loc":{"start":{"line":100,"column":47},"end":{"line":104,"column":5}},"line":100},"3":{"name":"(anonymous_3)","decl":{"start":{"line":105,"column":44},"end":{"line":105,"column":45}},"loc":{"start":{"line":105,"column":48},"end":{"line":109,"column":5}},"line":105},"4":{"name":"(anonymous_4)","decl":{"start":{"line":111,"column":45},"end":{"line":111,"column":46}},"loc":{"start":{"line":111,"column":49},"end":{"line":115,"column":5}},"line":111},"5":{"name":"(anonymous_5)","decl":{"start":{"line":116,"column":46},"end":{"line":116,"column":47}},"loc":{"start":{"line":116,"column":50},"end":{"line":120,"column":5}},"line":116},"6":{"name":"(anonymous_6)","decl":{"start":{"line":122,"column":43},"end":{"line":122,"column":44}},"loc":{"start":{"line":122,"column":47},"end":{"line":126,"column":5}},"line":122},"7":{"name":"(anonymous_7)","decl":{"start":{"line":128,"column":44},"end":{"line":128,"column":45}},"loc":{"start":{"line":128,"column":48},"end":{"line":132,"column":5}},"line":128},"8":{"name":"(anonymous_8)","decl":{"start":{"line":134,"column":52},"end":{"line":134,"column":53}},"loc":{"start":{"line":134,"column":56},"end":{"line":138,"column":5}},"line":134},"9":{"name":"(anonymous_9)","decl":{"start":{"line":139,"column":52},"end":{"line":139,"column":53}},"loc":{"start":{"line":139,"column":56},"end":{"line":143,"column":5}},"line":139},"10":{"name":"(anonymous_10)","decl":{"start":{"line":147,"column":20},"end":{"line":147,"column":21}},"loc":{"start":{"line":147,"column":24},"end":{"line":149,"column":5}},"line":147},"11":{"name":"(anonymous_11)","decl":{"start":{"line":152,"column":20},"end":{"line":152,"column":21}},"loc":{"start":{"line":152,"column":24},"end":{"line":197,"column":5}},"line":152},"12":{"name":"(anonymous_12)","decl":{"start":{"line":233,"column":25},"end":{"line":233,"column":26}},"loc":{"start":{"line":233,"column":29},"end":{"line":233,"column":52}},"line":233},"13":{"name":"(anonymous_13)","decl":{"start":{"line":274,"column":31},"end":{"line":274,"column":32}},"loc":{"start":{"line":274,"column":39},"end":{"line":274,"column":51}},"line":274},"14":{"name":"(anonymous_14)","decl":{"start":{"line":275,"column":30},"end":{"line":275,"column":31}},"loc":{"start":{"line":275,"column":46},"end":{"line":291,"column":18}},"line":275},"15":{"name":"mapStateToProps","decl":{"start":{"line":383,"column":9},"end":{"line":383,"column":24}},"loc":{"start":{"line":383,"column":31},"end":{"line":387,"column":1}},"line":383},"16":{"name":"mapDispatchToProps","decl":{"start":{"line":389,"column":9},"end":{"line":389,"column":27}},"loc":{"start":{"line":389,"column":37},"end":{"line":396,"column":1}},"line":389},"17":{"name":"(anonymous_17)","decl":{"start":{"line":391,"column":23},"end":{"line":391,"column":24}},"loc":{"start":{"line":391,"column":38},"end":{"line":394,"column":9}},"line":391}},"branchMap":{"0":{"loc":{"start":{"line":41,"column":13},"end":{"line":44,"column":23}},"type":"binary-expr","locations":[{"start":{"line":41,"column":13},"end":{"line":41,"column":23}},{"start":{"line":41,"column":27},"end":{"line":41,"column":38}},{"start":{"line":42,"column":16},"end":{"line":44,"column":23}}],"line":41},"1":{"loc":{"start":{"line":61,"column":34},"end":{"line":61,"column":72}},"type":"cond-expr","locations":[{"start":{"line":61,"column":46},"end":{"line":61,"column":58}},{"start":{"line":61,"column":61},"end":{"line":61,"column":72}}],"line":61},"2":{"loc":{"start":{"line":65,"column":21},"end":{"line":75,"column":31}},"type":"binary-expr","locations":[{"start":{"line":65,"column":21},"end":{"line":65,"column":30}},{"start":{"line":66,"column":25},"end":{"line":75,"column":31}}],"line":65},"3":{"loc":{"start":{"line":153,"column":8},"end":{"line":163,"column":9}},"type":"if","locations":[{"start":{"line":153,"column":8},"end":{"line":163,"column":9}},{"start":{"line":153,"column":8},"end":{"line":163,"column":9}}],"line":153},"4":{"loc":{"start":{"line":164,"column":8},"end":{"line":174,"column":9}},"type":"if","locations":[{"start":{"line":164,"column":8},"end":{"line":174,"column":9}},{"start":{"line":164,"column":8},"end":{"line":174,"column":9}}],"line":164},"5":{"loc":{"start":{"line":175,"column":8},"end":{"line":185,"column":9}},"type":"if","locations":[{"start":{"line":175,"column":8},"end":{"line":185,"column":9}},{"start":{"line":175,"column":8},"end":{"line":185,"column":9}}],"line":175},"6":{"loc":{"start":{"line":186,"column":8},"end":{"line":196,"column":9}},"type":"if","locations":[{"start":{"line":186,"column":8},"end":{"line":196,"column":9}},{"start":{"line":186,"column":8},"end":{"line":196,"column":9}}],"line":186},"7":{"loc":{"start":{"line":283,"column":30},"end":{"line":283,"column":102}},"type":"binary-expr","locations":[{"start":{"line":283,"column":30},"end":{"line":283,"column":67}},{"start":{"line":283,"column":71},"end":{"line":283,"column":102}}],"line":283},"8":{"loc":{"start":{"line":284,"column":30},"end":{"line":284,"column":83}},"type":"binary-expr","locations":[{"start":{"line":284,"column":30},"end":{"line":284,"column":69}},{"start":{"line":284,"column":73},"end":{"line":284,"column":83}}],"line":284},"9":{"loc":{"start":{"line":285,"column":30},"end":{"line":285,"column":81}},"type":"binary-expr","locations":[{"start":{"line":285,"column":30},"end":{"line":285,"column":66}},{"start":{"line":285,"column":70},"end":{"line":285,"column":81}}],"line":285},"10":{"loc":{"start":{"line":286,"column":30},"end":{"line":286,"column":93}},"type":"binary-expr","locations":[{"start":{"line":286,"column":30},"end":{"line":286,"column":72}},{"start":{"line":286,"column":77},"end":{"line":286,"column":93}}],"line":286},"11":{"loc":{"start":{"line":287,"column":30},"end":{"line":287,"column":84}},"type":"binary-expr","locations":[{"start":{"line":287,"column":30},"end":{"line":287,"column":66}},{"start":{"line":287,"column":71},"end":{"line":287,"column":84}}],"line":287}},"s":{"0":1,"1":0,"2":1,"3":0,"4":0,"5":0,"6":0,"7":0,"8":0,"9":0,"10":0,"11":0,"12":0,"13":0,"14":0,"15":0,"16":0,"17":0,"18":0,"19":0,"20":0,"21":0,"22":0,"23":0,"24":0,"25":0,"26":0,"27":0,"28":0,"29":0,"30":0,"31":0,"32":0,"33":0,"34":0,"35":0,"36":0,"37":0,"38":0,"39":0,"40":0,"41":0,"42":0,"43":0,"44":0,"45":0,"46":0,"47":0,"48":0,"49":0,"50":0,"51":0,"52":0,"53":0,"54":0,"55":0,"56":0,"57":0,"58":0,"59":0,"60":0,"61":0},"f":{"0":0,"1":0,"2":0,"3":0,"4":0,"5":0,"6":0,"7":0,"8":0,"9":0,"10":0,"11":0,"12":0,"13":0,"14":0,"15":0,"16":0,"17":0},"b":{"0":[0,0,0],"1":[0,0],"2":[0,0],"3":[0,0],"4":[0,0],"5":[0,0],"6":[0,0],"7":[0,0],"8":[0,0],"9":[0,0],"10":[0,0],"11":[0,0]},"_coverageSchema":"1a1c01bbd47fc00a2c39e90264f33305004495a9","hash":"92fd3d4f858b279ab8938a00ccf6622d97b8f54f"}
,"D:\\Downloadss\\pts\\pts\\screens\\index.js": {"path":"D:\\Downloadss\\pts\\pts\\screens\\index.js","statementMap":{},"fnMap":{},"branchMap":{},"s":{},"f":{},"b":{},"_coverageSchema":"1a1c01bbd47fc00a2c39e90264f33305004495a9","hash":"b44ac5734c8cb698fa7bff2721d3478f16ad680d"}
,"D:\\Downloadss\\pts\\pts\\screens\\Authentication\\AuthLayout.js": {"path":"D:\\Downloadss\\pts\\pts\\screens\\Authentication\\AuthLayout.js","statementMap":{"0":{"start":{"line":9,"column":19},"end":{"line":81,"column":1}},"1":{"start":{"line":10,"column":4},"end":{"line":80,"column":5}}},"fnMap":{"0":{"name":"(anonymous_0)","decl":{"start":{"line":9,"column":19},"end":{"line":9,"column":20}},"loc":{"start":{"line":9,"column":70},"end":{"line":81,"column":1}},"line":9}},"branchMap":{},"s":{"0":1,"1":0},"f":{"0":0},"b":{},"_coverageSchema":"1a1c01bbd47fc00a2c39e90264f33305004495a9","hash":"0962b7876b28604587a9a71cb3d18fc4bfe5a02b"}
,"D:\\Downloadss\\pts\\pts\\screens\\Authentication\\ForgotPassword.js": {"path":"D:\\Downloadss\\pts\\pts\\screens\\Authentication\\ForgotPassword.js","statementMap":{"0":{"start":{"line":45,"column":18},"end":{"line":53,"column":1}},"1":{"start":{"line":55,"column":23},"end":{"line":154,"column":1}},"2":{"start":{"line":56,"column":29},"end":{"line":56,"column":47}},"3":{"start":{"line":58,"column":39},"end":{"line":58,"column":57}},"4":{"start":{"line":61,"column":8},"end":{"line":61,"column":42}},"5":{"start":{"line":64,"column":33},"end":{"line":69,"column":6}},"6":{"start":{"line":66,"column":12},"end":{"line":66,"column":29}},"7":{"start":{"line":76,"column":4},"end":{"line":153,"column":5}},"8":{"start":{"line":106,"column":20},"end":{"line":106,"column":60}},"9":{"start":{"line":107,"column":20},"end":{"line":107,"column":35}},"10":{"start":{"line":146,"column":29},"end":{"line":146,"column":48}}},"fnMap":{"0":{"name":"(anonymous_0)","decl":{"start":{"line":55,"column":23},"end":{"line":55,"column":24}},"loc":{"start":{"line":55,"column":41},"end":{"line":154,"column":1}},"line":55},"1":{"name":"isEnableSendEmail","decl":{"start":{"line":60,"column":13},"end":{"line":60,"column":30}},"loc":{"start":{"line":60,"column":32},"end":{"line":62,"column":5}},"line":60},"2":{"name":"(anonymous_2)","decl":{"start":{"line":65,"column":20},"end":{"line":65,"column":21}},"loc":{"start":{"line":65,"column":29},"end":{"line":68,"column":9}},"line":65},"3":{"name":"(anonymous_3)","decl":{"start":{"line":105,"column":28},"end":{"line":105,"column":29}},"loc":{"start":{"line":105,"column":37},"end":{"line":108,"column":17}},"line":105},"4":{"name":"(anonymous_4)","decl":{"start":{"line":146,"column":25},"end":{"line":146,"column":26}},"loc":{"start":{"line":146,"column":29},"end":{"line":146,"column":48}},"line":146}},"branchMap":{"0":{"loc":{"start":{"line":61,"column":15},"end":{"line":61,"column":42}},"type":"binary-expr","locations":[{"start":{"line":61,"column":15},"end":{"line":61,"column":24}},{"start":{"line":61,"column":27},"end":{"line":61,"column":42}}],"line":61},"1":{"loc":{"start":{"line":118,"column":36},"end":{"line":118,"column":103}},"type":"cond-expr","locations":[{"start":{"line":118,"column":78},"end":{"line":118,"column":91}},{"start":{"line":118,"column":92},"end":{"line":118,"column":103}}],"line":118},"2":{"loc":{"start":{"line":118,"column":36},"end":{"line":118,"column":76}},"type":"binary-expr","locations":[{"start":{"line":118,"column":36},"end":{"line":118,"column":45}},{"start":{"line":118,"column":48},"end":{"line":118,"column":57}},{"start":{"line":118,"column":60},"end":{"line":118,"column":75}}],"line":118},"3":{"loc":{"start":{"line":122,"column":42},"end":{"line":122,"column":121}},"type":"cond-expr","locations":[{"start":{"line":122,"column":52},"end":{"line":122,"column":63}},{"start":{"line":122,"column":66},"end":{"line":122,"column":121}}],"line":122},"4":{"loc":{"start":{"line":122,"column":66},"end":{"line":122,"column":121}},"type":"cond-expr","locations":[{"start":{"line":122,"column":97},"end":{"line":122,"column":109}},{"start":{"line":122,"column":111},"end":{"line":122,"column":121}}],"line":122},"5":{"loc":{"start":{"line":122,"column":67},"end":{"line":122,"column":94}},"type":"binary-expr","locations":[{"start":{"line":122,"column":67},"end":{"line":122,"column":76}},{"start":{"line":122,"column":78},"end":{"line":122,"column":94}}],"line":122},"6":{"loc":{"start":{"line":137,"column":26},"end":{"line":137,"column":56}},"type":"cond-expr","locations":[{"start":{"line":137,"column":46},"end":{"line":137,"column":51}},{"start":{"line":137,"column":52},"end":{"line":137,"column":56}}],"line":137},"7":{"loc":{"start":{"line":143,"column":37},"end":{"line":143,"column":98}},"type":"cond-expr","locations":[{"start":{"line":143,"column":58},"end":{"line":143,"column":72}},{"start":{"line":143,"column":73},"end":{"line":143,"column":98}}],"line":143}},"s":{"0":1,"1":1,"2":0,"3":0,"4":0,"5":0,"6":0,"7":0,"8":0,"9":0,"10":0},"f":{"0":0,"1":0,"2":0,"3":0,"4":0},"b":{"0":[0,0],"1":[0,0],"2":[0,0,0],"3":[0,0],"4":[0,0],"5":[0,0],"6":[0,0],"7":[0,0]},"_coverageSchema":"1a1c01bbd47fc00a2c39e90264f33305004495a9","hash":"8e14c65ee044a84c70c482ad1e2c632715dba2e2"}
,"D:\\Downloadss\\pts\\pts\\screens\\Authentication\\Otp.js": {"path":"D:\\Downloadss\\pts\\pts\\screens\\Authentication\\Otp.js","statementMap":{"0":{"start":{"line":12,"column":12},"end":{"line":150,"column":1}},"1":{"start":{"line":13,"column":29},"end":{"line":13,"column":47}},"2":{"start":{"line":14,"column":1},"end":{"line":27,"column":6}},"3":{"start":{"line":15,"column":17},"end":{"line":24,"column":10}},"4":{"start":{"line":16,"column":3},"end":{"line":22,"column":6}},"5":{"start":{"line":17,"column":4},"end":{"line":21,"column":5}},"6":{"start":{"line":18,"column":5},"end":{"line":18,"column":24}},"7":{"start":{"line":20,"column":5},"end":{"line":20,"column":21}},"8":{"start":{"line":25,"column":2},"end":{"line":25,"column":37}},"9":{"start":{"line":25,"column":14},"end":{"line":25,"column":37}},"10":{"start":{"line":31,"column":4},"end":{"line":149,"column":5}},"11":{"start":{"line":62,"column":28},"end":{"line":62,"column":45}},"12":{"start":{"line":95,"column":19},"end":{"line":95,"column":31}},"13":{"start":{"line":116,"column":18},"end":{"line":116,"column":41}},"14":{"start":{"line":142,"column":18},"end":{"line":142,"column":36}}},"fnMap":{"0":{"name":"(anonymous_0)","decl":{"start":{"line":12,"column":12},"end":{"line":12,"column":13}},"loc":{"start":{"line":12,"column":18},"end":{"line":150,"column":1}},"line":12},"1":{"name":"(anonymous_1)","decl":{"start":{"line":14,"column":17},"end":{"line":14,"column":18}},"loc":{"start":{"line":14,"column":21},"end":{"line":27,"column":2}},"line":14},"2":{"name":"(anonymous_2)","decl":{"start":{"line":15,"column":29},"end":{"line":15,"column":30}},"loc":{"start":{"line":15,"column":35},"end":{"line":24,"column":3}},"line":15},"3":{"name":"(anonymous_3)","decl":{"start":{"line":16,"column":12},"end":{"line":16,"column":13}},"loc":{"start":{"line":16,"column":23},"end":{"line":22,"column":4}},"line":16},"4":{"name":"(anonymous_4)","decl":{"start":{"line":25,"column":9},"end":{"line":25,"column":10}},"loc":{"start":{"line":25,"column":14},"end":{"line":25,"column":37}},"line":25},"5":{"name":"(anonymous_5)","decl":{"start":{"line":61,"column":38},"end":{"line":61,"column":39}},"loc":{"start":{"line":61,"column":46},"end":{"line":63,"column":25}},"line":61},"6":{"name":"(anonymous_6)","decl":{"start":{"line":95,"column":15},"end":{"line":95,"column":16}},"loc":{"start":{"line":95,"column":19},"end":{"line":95,"column":31}},"line":95},"7":{"name":"(anonymous_7)","decl":{"start":{"line":116,"column":14},"end":{"line":116,"column":15}},"loc":{"start":{"line":116,"column":18},"end":{"line":116,"column":41}},"line":116},"8":{"name":"(anonymous_8)","decl":{"start":{"line":142,"column":14},"end":{"line":142,"column":15}},"loc":{"start":{"line":142,"column":18},"end":{"line":142,"column":36}},"line":142}},"branchMap":{"0":{"loc":{"start":{"line":17,"column":4},"end":{"line":21,"column":5}},"type":"if","locations":[{"start":{"line":17,"column":4},"end":{"line":21,"column":5}},{"start":{"line":17,"column":4},"end":{"line":21,"column":5}}],"line":17},"1":{"loc":{"start":{"line":85,"column":16},"end":{"line":85,"column":35}},"type":"cond-expr","locations":[{"start":{"line":85,"column":25},"end":{"line":85,"column":30}},{"start":{"line":85,"column":31},"end":{"line":85,"column":35}}],"line":85}},"s":{"0":1,"1":0,"2":0,"3":0,"4":0,"5":0,"6":0,"7":0,"8":0,"9":0,"10":0,"11":0,"12":0,"13":0,"14":0},"f":{"0":0,"1":0,"2":0,"3":0,"4":0,"5":0,"6":0,"7":0,"8":0},"b":{"0":[0,0],"1":[0,0]},"_coverageSchema":"1a1c01bbd47fc00a2c39e90264f33305004495a9","hash":"eedbd01da200bc3f6a116e18ee374a064d4d8cb7"}
,"D:\\Downloadss\\pts\\pts\\screens\\Authentication\\SignIn.js": {"path":"D:\\Downloadss\\pts\\pts\\screens\\Authentication\\SignIn.js","statementMap":{"0":{"start":{"line":25,"column":15},"end":{"line":325,"column":1}},"1":{"start":{"line":48,"column":24},"end":{"line":55,"column":6}},"2":{"start":{"line":65,"column":6},"end":{"line":85,"column":4}},"3":{"start":{"line":69,"column":8},"end":{"line":81,"column":9}},"4":{"start":{"line":70,"column":12},"end":{"line":76,"column":9}},"5":{"start":{"line":71,"column":16},"end":{"line":71,"column":52}},"6":{"start":{"line":72,"column":16},"end":{"line":72,"column":59}},"7":{"start":{"line":77,"column":14},"end":{"line":81,"column":9}},"8":{"start":{"line":78,"column":11},"end":{"line":78,"column":53}},"9":{"start":{"line":79,"column":11},"end":{"line":79,"column":25}},"10":{"start":{"line":92,"column":8},"end":{"line":92,"column":96}},"11":{"start":{"line":95,"column":28},"end":{"line":95,"column":48}},"12":{"start":{"line":96,"column":34},"end":{"line":96,"column":54}},"13":{"start":{"line":97,"column":44},"end":{"line":97,"column":64}},"14":{"start":{"line":100,"column":8},"end":{"line":100,"column":22}},"15":{"start":{"line":101,"column":8},"end":{"line":103,"column":9}},"16":{"start":{"line":102,"column":12},"end":{"line":102,"column":39}},"17":{"start":{"line":104,"column":8},"end":{"line":104,"column":49}},"18":{"start":{"line":104,"column":26},"end":{"line":104,"column":49}},"19":{"start":{"line":105,"column":12},"end":{"line":105,"column":30}},"20":{"start":{"line":107,"column":4},"end":{"line":110,"column":11}},"21":{"start":{"line":108,"column":27},"end":{"line":108,"column":81}},"22":{"start":{"line":109,"column":8},"end":{"line":109,"column":26}},"23":{"start":{"line":112,"column":4},"end":{"line":118,"column":5}},"24":{"start":{"line":113,"column":8},"end":{"line":117,"column":17}},"25":{"start":{"line":120,"column":4},"end":{"line":324,"column":5}},"26":{"start":{"line":174,"column":37},"end":{"line":174,"column":79}},"27":{"start":{"line":200,"column":41},"end":{"line":200,"column":83}},"28":{"start":{"line":213,"column":33},"end":{"line":213,"column":70}},"29":{"start":{"line":266,"column":38},"end":{"line":266,"column":67}},"30":{"start":{"line":327,"column":4},"end":{"line":329,"column":5}},"31":{"start":{"line":336,"column":15},"end":{"line":346,"column":2}}},"fnMap":{"0":{"name":"(anonymous_0)","decl":{"start":{"line":25,"column":15},"end":{"line":25,"column":16}},"loc":{"start":{"line":25,"column":42},"end":{"line":325,"column":1}},"line":25},"1":{"name":"(anonymous_1)","decl":{"start":{"line":68,"column":14},"end":{"line":68,"column":15}},"loc":{"start":{"line":68,"column":32},"end":{"line":84,"column":5}},"line":68},"2":{"name":"isEnabledSignIn","decl":{"start":{"line":91,"column":11},"end":{"line":91,"column":26}},"loc":{"start":{"line":91,"column":28},"end":{"line":93,"column":5}},"line":91},"3":{"name":"onAuthStateChanged","decl":{"start":{"line":99,"column":13},"end":{"line":99,"column":31}},"loc":{"start":{"line":99,"column":38},"end":{"line":106,"column":9}},"line":99},"4":{"name":"(anonymous_4)","decl":{"start":{"line":107,"column":20},"end":{"line":107,"column":21}},"loc":{"start":{"line":107,"column":26},"end":{"line":110,"column":5}},"line":107},"5":{"name":"(anonymous_5)","decl":{"start":{"line":174,"column":33},"end":{"line":174,"column":34}},"loc":{"start":{"line":174,"column":37},"end":{"line":174,"column":79}},"line":174},"6":{"name":"(anonymous_6)","decl":{"start":{"line":200,"column":32},"end":{"line":200,"column":33}},"loc":{"start":{"line":200,"column":41},"end":{"line":200,"column":83}},"line":200},"7":{"name":"(anonymous_7)","decl":{"start":{"line":213,"column":29},"end":{"line":213,"column":30}},"loc":{"start":{"line":213,"column":33},"end":{"line":213,"column":70}},"line":213},"8":{"name":"(anonymous_8)","decl":{"start":{"line":266,"column":34},"end":{"line":266,"column":35}},"loc":{"start":{"line":266,"column":38},"end":{"line":266,"column":67}},"line":266},"9":{"name":"mapStateToProps","decl":{"start":{"line":326,"column":9},"end":{"line":326,"column":24}},"loc":{"start":{"line":326,"column":31},"end":{"line":330,"column":1}},"line":326}},"branchMap":{"0":{"loc":{"start":{"line":69,"column":8},"end":{"line":81,"column":9}},"type":"if","locations":[{"start":{"line":69,"column":8},"end":{"line":81,"column":9}},{"start":{"line":69,"column":8},"end":{"line":81,"column":9}}],"line":69},"1":{"loc":{"start":{"line":70,"column":12},"end":{"line":76,"column":9}},"type":"if","locations":[{"start":{"line":70,"column":12},"end":{"line":76,"column":9}},{"start":{"line":70,"column":12},"end":{"line":76,"column":9}}],"line":70},"2":{"loc":{"start":{"line":77,"column":14},"end":{"line":81,"column":9}},"type":"if","locations":[{"start":{"line":77,"column":14},"end":{"line":81,"column":9}},{"start":{"line":77,"column":14},"end":{"line":81,"column":9}}],"line":77},"3":{"loc":{"start":{"line":92,"column":15},"end":{"line":92,"column":96}},"type":"binary-expr","locations":[{"start":{"line":92,"column":15},"end":{"line":92,"column":33}},{"start":{"line":92,"column":37},"end":{"line":92,"column":58}},{"start":{"line":92,"column":62},"end":{"line":92,"column":96}}],"line":92},"4":{"loc":{"start":{"line":101,"column":8},"end":{"line":103,"column":9}},"type":"if","locations":[{"start":{"line":101,"column":8},"end":{"line":103,"column":9}},{"start":{"line":101,"column":8},"end":{"line":103,"column":9}}],"line":101},"5":{"loc":{"start":{"line":104,"column":8},"end":{"line":104,"column":49}},"type":"if","locations":[{"start":{"line":104,"column":8},"end":{"line":104,"column":49}},{"start":{"line":104,"column":8},"end":{"line":104,"column":49}}],"line":104},"6":{"loc":{"start":{"line":112,"column":4},"end":{"line":118,"column":5}},"type":"if","locations":[{"start":{"line":112,"column":4},"end":{"line":118,"column":5}},{"start":{"line":112,"column":4},"end":{"line":118,"column":5}}],"line":112},"7":{"loc":{"start":{"line":122,"column":15},"end":{"line":122,"column":83}},"type":"cond-expr","locations":[{"start":{"line":122,"column":36},"end":{"line":122,"column":60}},{"start":{"line":122,"column":61},"end":{"line":122,"column":83}}],"line":122},"8":{"loc":{"start":{"line":145,"column":36},"end":{"line":145,"column":136}},"type":"cond-expr","locations":[{"start":{"line":145,"column":111},"end":{"line":145,"column":124}},{"start":{"line":145,"column":125},"end":{"line":145,"column":136}}],"line":145},"9":{"loc":{"start":{"line":145,"column":36},"end":{"line":145,"column":109}},"type":"binary-expr","locations":[{"start":{"line":145,"column":36},"end":{"line":145,"column":52}},{"start":{"line":145,"column":55},"end":{"line":145,"column":71}},{"start":{"line":145,"column":74},"end":{"line":145,"column":108}}],"line":145},"10":{"loc":{"start":{"line":149,"column":42},"end":{"line":149,"column":154}},"type":"cond-expr","locations":[{"start":{"line":149,"column":59},"end":{"line":149,"column":70}},{"start":{"line":149,"column":73},"end":{"line":149,"column":154}}],"line":149},"11":{"loc":{"start":{"line":149,"column":73},"end":{"line":149,"column":154}},"type":"cond-expr","locations":[{"start":{"line":149,"column":130},"end":{"line":149,"column":142}},{"start":{"line":149,"column":144},"end":{"line":149,"column":154}}],"line":149},"12":{"loc":{"start":{"line":149,"column":74},"end":{"line":149,"column":127}},"type":"binary-expr","locations":[{"start":{"line":149,"column":74},"end":{"line":149,"column":90}},{"start":{"line":149,"column":93},"end":{"line":149,"column":127}}],"line":149},"13":{"loc":{"start":{"line":178,"column":38},"end":{"line":178,"column":82}},"type":"cond-expr","locations":[{"start":{"line":178,"column":57},"end":{"line":178,"column":72}},{"start":{"line":178,"column":73},"end":{"line":178,"column":82}}],"line":178},"14":{"loc":{"start":{"line":223,"column":27},"end":{"line":223,"column":55}},"type":"cond-expr","locations":[{"start":{"line":223,"column":45},"end":{"line":223,"column":50}},{"start":{"line":223,"column":51},"end":{"line":223,"column":55}}],"line":223},"15":{"loc":{"start":{"line":229,"column":37},"end":{"line":229,"column":96}},"type":"cond-expr","locations":[{"start":{"line":229,"column":56},"end":{"line":229,"column":70}},{"start":{"line":229,"column":71},"end":{"line":229,"column":96}}],"line":229}},"s":{"0":1,"1":0,"2":0,"3":0,"4":0,"5":0,"6":0,"7":0,"8":0,"9":0,"10":0,"11":0,"12":0,"13":0,"14":0,"15":0,"16":0,"17":0,"18":0,"19":0,"20":0,"21":0,"22":0,"23":0,"24":0,"25":0,"26":0,"27":0,"28":0,"29":0,"30":0,"31":1},"f":{"0":0,"1":0,"2":0,"3":0,"4":0,"5":0,"6":0,"7":0,"8":0,"9":0},"b":{"0":[0,0],"1":[0,0],"2":[0,0],"3":[0,0,0],"4":[0,0],"5":[0,0],"6":[0,0],"7":[0,0],"8":[0,0],"9":[0,0,0],"10":[0,0],"11":[0,0],"12":[0,0],"13":[0,0],"14":[0,0],"15":[0,0]},"_coverageSchema":"1a1c01bbd47fc00a2c39e90264f33305004495a9","hash":"61d2c76eb5ea63e16dc4565e659b5e08541977a3"}
,"D:\\Downloadss\\pts\\pts\\screens\\Authentication\\SignUp.js": {"path":"D:\\Downloadss\\pts\\pts\\screens\\Authentication\\SignUp.js","statementMap":{"0":{"start":{"line":24,"column":23},"end":{"line":35,"column":2}},"1":{"start":{"line":37,"column":15},"end":{"line":293,"column":1}},"2":{"start":{"line":58,"column":8},"end":{"line":67,"column":7}},"3":{"start":{"line":62,"column":12},"end":{"line":66,"column":13}},"4":{"start":{"line":63,"column":19},"end":{"line":63,"column":67}},"5":{"start":{"line":64,"column":18},"end":{"line":66,"column":13}},"6":{"start":{"line":65,"column":16},"end":{"line":65,"column":66}},"7":{"start":{"line":71,"column":12},"end":{"line":71,"column":31}},"8":{"start":{"line":73,"column":8},"end":{"line":73,"column":150}},"9":{"start":{"line":77,"column":28},"end":{"line":77,"column":48}},"10":{"start":{"line":78,"column":34},"end":{"line":78,"column":54}},"11":{"start":{"line":79,"column":44},"end":{"line":79,"column":64}},"12":{"start":{"line":82,"column":8},"end":{"line":82,"column":22}},"13":{"start":{"line":83,"column":8},"end":{"line":85,"column":9}},"14":{"start":{"line":84,"column":12},"end":{"line":84,"column":50}},"15":{"start":{"line":86,"column":8},"end":{"line":86,"column":49}},"16":{"start":{"line":86,"column":26},"end":{"line":86,"column":49}},"17":{"start":{"line":87,"column":12},"end":{"line":87,"column":30}},"18":{"start":{"line":92,"column":4},"end":{"line":95,"column":11}},"19":{"start":{"line":93,"column":27},"end":{"line":93,"column":81}},"20":{"start":{"line":94,"column":8},"end":{"line":94,"column":26}},"21":{"start":{"line":99,"column":4},"end":{"line":105,"column":5}},"22":{"start":{"line":100,"column":8},"end":{"line":104,"column":17}},"23":{"start":{"line":107,"column":4},"end":{"line":292,"column":5}},"24":{"start":{"line":193,"column":37},"end":{"line":193,"column":79}},"25":{"start":{"line":225,"column":37},"end":{"line":225,"column":79}},"26":{"start":{"line":281,"column":38},"end":{"line":281,"column":57}},"27":{"start":{"line":295,"column":4},"end":{"line":297,"column":5}},"28":{"start":{"line":304,"column":15},"end":{"line":314,"column":2}}},"fnMap":{"0":{"name":"(anonymous_0)","decl":{"start":{"line":37,"column":15},"end":{"line":37,"column":16}},"loc":{"start":{"line":37,"column":42},"end":{"line":293,"column":1}},"line":37},"1":{"name":"(anonymous_1)","decl":{"start":{"line":61,"column":18},"end":{"line":61,"column":19}},"loc":{"start":{"line":61,"column":29},"end":{"line":67,"column":5}},"line":61},"2":{"name":"isEnabledSignUp","decl":{"start":{"line":69,"column":13},"end":{"line":69,"column":28}},"loc":{"start":{"line":69,"column":30},"end":{"line":74,"column":5}},"line":69},"3":{"name":"onAuthStateChanged","decl":{"start":{"line":81,"column":13},"end":{"line":81,"column":31}},"loc":{"start":{"line":81,"column":38},"end":{"line":88,"column":9}},"line":81},"4":{"name":"(anonymous_4)","decl":{"start":{"line":92,"column":20},"end":{"line":92,"column":21}},"loc":{"start":{"line":92,"column":26},"end":{"line":95,"column":5}},"line":92},"5":{"name":"(anonymous_5)","decl":{"start":{"line":193,"column":33},"end":{"
[...]
umn":50}},"loc":{"start":{"line":144,"column":55},"end":{"line":144,"column":57}},"line":144},"13":{"name":"(anonymous_13)","decl":{"start":{"line":192,"column":41},"end":{"line":192,"column":42}},"loc":{"start":{"line":193,"column":24},"end":{"line":327,"column":31}},"line":193},"14":{"name":"(anonymous_14)","decl":{"start":{"line":243,"column":49},"end":{"line":243,"column":50}},"loc":{"start":{"line":243,"column":55},"end":{"line":243,"column":97}},"line":243},"15":{"name":"(anonymous_15)","decl":{"start":{"line":271,"column":49},"end":{"line":271,"column":50}},"loc":{"start":{"line":271,"column":55},"end":{"line":271,"column":94}},"line":271},"16":{"name":"(anonymous_16)","decl":{"start":{"line":287,"column":49},"end":{"line":287,"column":50}},"loc":{"start":{"line":287,"column":55},"end":{"line":287,"column":118}},"line":287},"17":{"name":"(anonymous_17)","decl":{"start":{"line":374,"column":37},"end":{"line":374,"column":38}},"loc":{"start":{"line":374,"column":43},"end":{"line":378,"column":30}},"line":374},"18":{"name":"mapStateToProps","decl":{"start":{"line":406,"column":9},"end":{"line":406,"column":24}},"loc":{"start":{"line":406,"column":31},"end":{"line":410,"column":1}},"line":406},"19":{"name":"mapDispatchToProps","decl":{"start":{"line":412,"column":9},"end":{"line":412,"column":27}},"loc":{"start":{"line":412,"column":37},"end":{"line":419,"column":1}},"line":412},"20":{"name":"(anonymous_20)","decl":{"start":{"line":414,"column":23},"end":{"line":414,"column":24}},"loc":{"start":{"line":414,"column":38},"end":{"line":417,"column":9}},"line":414}},"branchMap":{"0":{"loc":{"start":{"line":44,"column":8},"end":{"line":72,"column":9}},"type":"if","locations":[{"start":{"line":44,"column":8},"end":{"line":72,"column":9}},{"start":{"line":44,"column":8},"end":{"line":72,"column":9}}],"line":44},"1":{"loc":{"start":{"line":45,"column":12},"end":{"line":57,"column":13}},"type":"if","locations":[{"start":{"line":45,"column":12},"end":{"line":57,"column":13}},{"start":{"line":45,"column":12},"end":{"line":57,"column":13}}],"line":45},"2":{"loc":{"start":{"line":61,"column":12},"end":{"line":67,"column":13}},"type":"if","locations":[{"start":{"line":61,"column":12},"end":{"line":67,"column":13}},{"start":{"line":61,"column":12},"end":{"line":67,"column":13}}],"line":61},"3":{"loc":{"start":{"line":62,"column":16},"end":{"line":66,"column":17}},"type":"if","locations":[{"start":{"line":62,"column":16},"end":{"line":66,"column":17}},{"start":{"line":62,"column":16},"end":{"line":66,"column":17}}],"line":62},"4":{"loc":{"start":{"line":80,"column":8},"end":{"line":82,"column":9}},"type":"if","locations":[{"start":{"line":80,"column":8},"end":{"line":82,"column":9}},{"start":{"line":80,"column":8},"end":{"line":82,"column":9}}],"line":80},"5":{"loc":{"start":{"line":88,"column":57},"end":{"line":88,"column":67}},"type":"binary-expr","locations":[{"start":{"line":88,"column":57},"end":{"line":88,"column":62}},{"start":{"line":88,"column":66},"end":{"line":88,"column":67}}],"line":88},"6":{"loc":{"start":{"line":94,"column":53},"end":{"line":94,"column":65}},"type":"binary-expr","locations":[{"start":{"line":94,"column":53},"end":{"line":94,"column":60}},{"start":{"line":94,"column":64},"end":{"line":94,"column":65}}],"line":94},"7":{"loc":{"start":{"line":200,"column":33},"end":{"line":203,"column":39}},"type":"binary-expr","locations":[{"start":{"line":200,"column":33},"end":{"line":200,"column":49}},{"start":{"line":200,"column":53},"end":{"line":200,"column":94}},{"start":{"line":201,"column":32},"end":{"line":203,"column":39}}],"line":200},"8":{"loc":{"start":{"line":204,"column":33},"end":{"line":207,"column":39}},"type":"binary-expr","locations":[{"start":{"line":204,"column":34},"end":{"line":204,"column":51}},{"start":{"line":204,"column":55},"end":{"line":204,"column":96}},{"start":{"line":205,"column":33},"end":{"line":207,"column":39}}],"line":204},"9":{"loc":{"start":{"line":229,"column":35},"end":{"line":275,"column":39}},"type":"binary-expr","locations":[{"start":{"line":229,"column":35},"end":{"line":229,"column":51}},{"start":{"line":230,"column":34},"end":{"line":275,"column":39}}],"line":229},"10":{"loc":{"start":{"line":277,"column":37},"end":{"line":289,"column":55}},"type":"binary-expr","locations":[{"start":{"line":277,"column":37},"end":{"line":277,"column":54}},{"start":{"line":278,"column":36},"end":{"line":289,"column":55}}],"line":277},"11":{"loc":{"start":{"line":385,"column":17},"end":{"line":396,"column":27}},"type":"binary-expr","locations":[{"start":{"line":385,"column":17},"end":{"line":385,"column":28}},{"start":{"line":386,"column":20},"end":{"line":396,"column":27}}],"line":385}},"s":{"0":1,"1":0,"2":0,"3":0,"4":0,"5":0,"6":0,"7":0,"8":0,"9":0,"10":0,"11":0,"12":0,"13":0,"14":0,"15":0,"16":0,"17":0,"18":0,"19":0,"20":0,"21":0,"22":0,"23":0,"24":0,"25":0,"26":0,"27":0,"28":0,"29":0,"30":0,"31":0,"32":0,"33":0,"34":0,"35":0,"36":0,"37":0,"38":0,"39":0,"40":0,"41":0,"42":0,"43":0,"44":0,"45":0,"46":0,"47":0,"48":0,"49":0,"50":0,"51":0,"52":1},"f":{"0":0,"1":0,"2":0,"3":0,"4":0,"5":0,"6":0,"7":0,"8":0,"9":0,"10":0,"11":0,"12":0,"13":0,"14":0,"15":0,"16":0,"17":0,"18":0,"19":0,"20":0},"b":{"0":[0,0],"1":[0,0],"2":[0,0],"3":[0,0],"4":[0,0],"5":[0,0],"6":[0,0],"7":[0,0,0],"8":[0,0,0],"9":[0,0],"10":[0,0],"11":[0,0]},"_coverageSchema":"1a1c01bbd47fc00a2c39e90264f33305004495a9","hash":"609a0a5a5c5a7727ebb7c679d90a871665782128"}
,"D:\\Downloadss\\pts\\pts\\screens\\Search\\Search.js": {"path":"D:\\Downloadss\\pts\\pts\\screens\\Search\\Search.js","statementMap":{"0":{"start":{"line":6,"column":15},"end":{"line":18,"column":1}},"1":{"start":{"line":7,"column":4},"end":{"line":17,"column":5}}},"fnMap":{"0":{"name":"(anonymous_0)","decl":{"start":{"line":6,"column":15},"end":{"line":6,"column":16}},"loc":{"start":{"line":6,"column":21},"end":{"line":18,"column":1}},"line":6}},"branchMap":{},"s":{"0":1,"1":0},"f":{"0":0},"b":{},"_coverageSchema":"1a1c01bbd47fc00a2c39e90264f33305004495a9","hash":"13ddb1f3f542267bbf6e3f15829da00e3b5d3ce8"}
,"D:\\Downloadss\\pts\\pts\\screens\\Welcome\\Welcome.js": {"path":"D:\\Downloadss\\pts\\pts\\screens\\Welcome\\Welcome.js","statementMap":{"0":{"start":{"line":11,"column":16},"end":{"line":78,"column":1}},"1":{"start":{"line":12,"column":4},"end":{"line":77,"column":5}},"2":{"start":{"line":39,"column":21},"end":{"line":39,"column":45}},"3":{"start":{"line":41,"column":21},"end":{"line":41,"column":51}},"4":{"start":{"line":61,"column":20},"end":{"line":61,"column":42}},"5":{"start":{"line":62,"column":20},"end":{"line":62,"column":41}},"6":{"start":{"line":63,"column":21},"end":{"line":63,"column":51}},"7":{"start":{"line":83,"column":4},"end":{"line":85,"column":5}},"8":{"start":{"line":89,"column":4},"end":{"line":93,"column":5}},"9":{"start":{"line":90,"column":33},"end":{"line":90,"column":71}}},"fnMap":{"0":{"name":"(anonymous_0)","decl":{"start":{"line":11,"column":16},"end":{"line":11,"column":17}},"loc":{"start":{"line":11,"column":55},"end":{"line":78,"column":1}},"line":11},"1":{"name":"(anonymous_1)","decl":{"start":{"line":38,"column":26},"end":{"line":38,"column":27}},"loc":{"start":{"line":38,"column":30},"end":{"line":42,"column":21}},"line":38},"2":{"name":"(anonymous_2)","decl":{"start":{"line":60,"column":25},"end":{"line":60,"column":26}},"loc":{"start":{"line":60,"column":29},"end":{"line":66,"column":17}},"line":60},"3":{"name":"mapStateToProps","decl":{"start":{"line":82,"column":9},"end":{"line":82,"column":24}},"loc":{"start":{"line":82,"column":31},"end":{"line":86,"column":1}},"line":82},"4":{"name":"mapDispatchToProps","decl":{"start":{"line":88,"column":9},"end":{"line":88,"column":27}},"loc":{"start":{"line":88,"column":37},"end":{"line":94,"column":1}},"line":88},"5":{"name":"(anonymous_5)","decl":{"start":{"line":90,"column":20},"end":{"line":90,"column":21}},"loc":{"start":{"line":90,"column":32},"end":{"line":92,"column":9}},"line":90}},"branchMap":{},"s":{"0":1,"1":0,"2":0,"3":0,"4":0,"5":0,"6":0,"7":0,"8":0,"9":0},"f":{"0":0,"1":0,"2":0,"3":0,"4":0,"5":0},"b":{},"_coverageSchema":"1a1c01bbd47fc00a2c39e90264f33305004495a9","hash":"cd32dd7481c9be9f06b71451600f98fe5c6f977d"}
,"D:\\Downloadss\\pts\\pts\\stores\\rootReducer.js": {"path":"D:\\Downloadss\\pts\\pts\\stores\\rootReducer.js","statementMap":{},"fnMap":{},"branchMap":{},"s":{},"f":{},"b":{},"_coverageSchema":"1a1c01bbd47fc00a2c39e90264f33305004495a9","hash":"3ea76350a08308695c2f70fb883ec1a048bcf124"}
,"D:\\Downloadss\\pts\\pts\\stores\\customer\\customerActions.js": {"path":"D:\\Downloadss\\pts\\pts\\stores\\customer\\customerActions.js","statementMap":{"0":{"start":{"line":1,"column":37},"end":{"line":1,"column":60}},"1":{"start":{"line":2,"column":37},"end":{"line":2,"column":60}},"2":{"start":{"line":3,"column":35},"end":{"line":3,"column":56}},"3":{"start":{"line":4,"column":43},"end":{"line":4,"column":72}},"4":{"start":{"line":5,"column":39},"end":{"line":5,"column":64}},"5":{"start":{"line":6,"column":37},"end":{"line":6,"column":60}},"6":{"start":{"line":9,"column":36},"end":{"line":12,"column":2}},"7":{"start":{"line":9,"column":53},"end":{"line":12,"column":1}},"8":{"start":{"line":15,"column":4},"end":{"line":17,"column":5}},"9":{"start":{"line":16,"column":8},"end":{"line":16,"column":52}}},"fnMap":{"0":{"name":"(anonymous_0)","decl":{"start":{"line":9,"column":36},"end":{"line":9,"column":37}},"loc":{"start":{"line":9,"column":53},"end":{"line":12,"column":1}},"line":9},"1":{"name":"setSelectedTab","decl":{"start":{"line":14,"column":16},"end":{"line":14,"column":30}},"loc":{"start":{"line":14,"column":43},"end":{"line":18,"column":1}},"line":14},"2":{"name":"(anonymous_2)","decl":{"start":{"line":15,"column":11},"end":{"line":15,"column":12}},"loc":{"start":{"line":15,"column":22},"end":{"line":17,"column":5}},"line":15}},"branchMap":{},"s":{"0":0,"1":0,"2":0,"3":0,"4":0,"5":0,"6":0,"7":0,"8":0,"9":0},"f":{"0":0,"1":0,"2":0},"b":{}}
,"D:\\Downloadss\\pts\\pts\\stores\\customer\\customerReducer.js": {"path":"D:\\Downloadss\\pts\\pts\\stores\\customer\\customerReducer.js","statementMap":{"0":{"start":{"line":3,"column":20},"end":{"line":12,"column":1}},"1":{"start":{"line":14,"column":23},"end":{"line":49,"column":1}},"2":{"start":{"line":15,"column":4},"end":{"line":48,"column":5}},"3":{"start":{"line":17,"column":12},"end":{"line":20,"column":13}},"4":{"start":{"line":22,"column":12},"end":{"line":25,"column":13}},"5":{"start":{"line":27,"column":12},"end":{"line":30,"column":13}},"6":{"start":{"line":32,"column":12},"end":{"line":35,"column":13}},"7":{"start":{"line":37,"column":12},"end":{"line":40,"column":13}},"8":{"start":{"line":42,"column":12},"end":{"line":45,"column":13}},"9":{"start":{"line":47,"column":12},"end":{"line":47,"column":24}}},"fnMap":{"0":{"name":"(anonymous_0)","decl":{"start":{"line":14,"column":23},"end":{"line":14,"column":24}},"loc":{"start":{"line":14,"column":54},"end":{"line":49,"column":1}},"line":14}},"branchMap":{"0":{"loc":{"start":{"line":14,"column":24},"end":{"line":14,"column":43}},"type":"default-arg","locations":[{"start":{"line":14,"column":31},"end":{"line":14,"column":43}}],"line":14},"1":{"loc":{"start":{"line":15,"column":4},"end":{"line":48,"column":5}},"type":"switch","locations":[{"start":{"line":16,"column":8},"end":{"line":20,"column":13}},{"start":{"line":21,"column":8},"end":{"line":25,"column":13}},{"start":{"line":26,"column":8},"end":{"line":30,"column":13}},{"start":{"line":31,"column":8},"end":{"line":35,"column":13}},{"start":{"line":36,"column":8},"end":{"line":40,"column":13}},{"start":{"line":41,"column":8},"end":{"line":45,"column":13}},{"start":{"line":46,"column":8},"end":{"line":47,"column":24}}],"line":15}},"s":{"0":0,"1":0,"2":0,"3":0,"4":0,"5":0,"6":0,"7":0,"8":0,"9":0},"f":{"0":0},"b":{"0":[0],"1":[0,0,0,0,0,0,0]}}
,"D:\\Downloadss\\pts\\pts\\stores\\tab\\tabActions.js": {"path":"D:\\Downloadss\\pts\\pts\\stores\\tab\\tabActions.js","statementMap":{"0":{"start":{"line":1,"column":31},"end":{"line":1,"column":49}},"1":{"start":{"line":3,"column":36},"end":{"line":6,"column":2}},"2":{"start":{"line":3,"column":53},"end":{"line":6,"column":1}},"3":{"start":{"line":9,"column":4},"end":{"line":11,"column":5}},"4":{"start":{"line":10,"column":8},"end":{"line":10,"column":52}}},"fnMap":{"0":{"name":"(anonymous_0)","decl":{"start":{"line":3,"column":36},"end":{"line":3,"column":37}},"loc":{"start":{"line":3,"column":53},"end":{"line":6,"column":1}},"line":3},"1":{"name":"setSelectedTab","decl":{"start":{"line":8,"column":16},"end":{"line":8,"column":30}},"loc":{"start":{"line":8,"column":43},"end":{"line":12,"column":1}},"line":8},"2":{"name":"(anonymous_2)","decl":{"start":{"line":9,"column":11},"end":{"line":9,"column":12}},"loc":{"start":{"line":9,"column":22},"end":{"line":11,"column":5}},"line":9}},"branchMap":{},"s":{"0":1,"1":1,"2":0,"3":0,"4":0},"f":{"0":0,"1":0,"2":0},"b":{},"_coverageSchema":"1a1c01bbd47fc00a2c39e90264f33305004495a9","hash":"e564a88264e38929e0008ba9b7ac5e882ac98ee0"}
,"D:\\Downloadss\\pts\\pts\\stores\\tab\\tabReducer.js": {"path":"D:\\Downloadss\\pts\\pts\\stores\\tab\\tabReducer.js","statementMap":{"0":{"start":{"line":3,"column":20},"end":{"line":5,"column":1}},"1":{"start":{"line":7,"column":18},"end":{"line":17,"column":1}},"2":{"start":{"line":8,"column":4},"end":{"line":16,"column":5}},"3":{"start":{"line":10,"column":12},"end":{"line":13,"column":13}},"4":{"start":{"line":15,"column":12},"end":{"line":15,"column":24}}},"fnMap":{"0":{"name":"(anonymous_0)","decl":{"start":{"line":7,"column":18},"end":{"line":7,"column":19}},"loc":{"start":{"line":7,"column":49},"end":{"line":17,"column":1}},"line":7}},"branchMap":{"0":{"loc":{"start":{"line":7,"column":19},"end":{"line":7,"column":38}},"type":"default-arg","locations":[{"start":{"line":7,"column":26},"end":{"line":7,"column":38}}],"line":7},"1":{"loc":{"start":{"line":8,"column":4},"end":{"line":16,"column":5}},"type":"switch","locations":[{"start":{"line":9,"column":8},"end":{"line":13,"column":13}},{"start":{"line":14,"column":8},"end":{"line":15,"column":24}}],"line":8}},"s":{"0":1,"1":1,"2":3,"3":0,"4":3},"f":{"0":3},"b":{"0":[3],"1":[0,3]},"_coverageSchema":"1a1c01bbd47fc00a2c39e90264f33305004495a9","hash":"f2a038d564a7ca96920e850f2fbfbd54052f4493"}
,"D:\\Downloadss\\pts\\pts\\stores\\user\\userActions.js": {"path":"D:\\Downloadss\\pts\\pts\\stores\\user\\userActions.js","statementMap":{"0":{"start":{"line":1,"column":28},"end":{"line":1,"column":43}},"1":{"start":{"line":3,"column":33},"end":{"line":6,"column":2}},"2":{"start":{"line":3,"column":47},"end":{"line":6,"column":1}},"3":{"start":{"line":9,"column":4},"end":{"line":11,"column":5}},"4":{"start":{"line":10,"column":8},"end":{"line":10,"column":46}}},"fnMap":{"0":{"name":"(anonymous_0)","decl":{"start":{"line":3,"column":33},"end":{"line":3,"column":34}},"loc":{"start":{"line":3,"column":47},"end":{"line":6,"column":1}},"line":3},"1":{"name":"setUserType","decl":{"start":{"line":8,"column":16},"end":{"line":8,"column":27}},"loc":{"start":{"line":8,"column":37},"end":{"line":12,"column":1}},"line":8},"2":{"name":"(anonymous_2)","decl":{"start":{"line":9,"column":11},"end":{"line":9,"column":12}},"loc":{"start":{"line":9,"column":22},"end":{"line":11,"column":5}},"line":9}},"branchMap":{},"s":{"0":1,"1":1,"2":0,"3":0,"4":0},"f":{"0":0,"1":0,"2":0},"b":{},"_coverageSchema":"1a1c01bbd47fc00a2c39e90264f33305004495a9","hash":"735a34f0dfcc8ff3497bd0458fbea9b0fa7699eb"}
,"D:\\Downloadss\\pts\\pts\\stores\\user\\userReducer.js": {"path":"D:\\Downloadss\\pts\\pts\\stores\\user\\userReducer.js","statementMap":{"0":{"start":{"line":3,"column":20},"end":{"line":6,"column":1}},"1":{"start":{"line":8,"column":19},"end":{"line":18,"column":1}},"2":{"start":{"line":9,"column":4},"end":{"line":17,"column":5}},"3":{"start":{"line":11,"column":12},"end":{"line":14,"column":13}},"4":{"start":{"line":16,"column":12},"end":{"line":16,"column":24}}},"fnMap":{"0":{"name":"(anonymous_0)","decl":{"start":{"line":8,"column":19},"end":{"line":8,"column":20}},"loc":{"start":{"line":8,"column":50},"end":{"line":18,"column":1}},"line":8}},"branchMap":{"0":{"loc":{"start":{"line":8,"column":20},"end":{"line":8,"column":39}},"type":"default-arg","locations":[{"start":{"line":8,"column":27},"end":{"line":8,"column":39}}],"line":8},"1":{"loc":{"start":{"line":9,"column":4},"end":{"line":17,"column":5}},"type":"switch","locations":[{"start":{"line":10,"column":8},"end":{"line":14,"column":13}},{"start":{"line":15,"column":8},"end":{"line":16,"column":24}}],"line":9}},"s":{"0":1,"1":1,"2":3,"3":0,"4":3},"f":{"0":3},"b":{"0":[3],"1":[0,3]},"_coverageSchema":"1a1c01bbd47fc00a2c39e90264f33305004495a9","hash":"8cb80319c93441dad3196664cb922fad72aad93a"}
,"D:\\Downloadss\\pts\\pts\\test\\sum.js": {"path":"D:\\Downloadss\\pts\\pts\\test\\sum.js","statementMap":{"0":{"start":{"line":2,"column":2},"end":{"line":2,"column":15}},"1":{"start":{"line":4,"column":0},"end":{"line":4,"column":21}}},"fnMap":{"0":{"name":"sum","decl":{"start":{"line":1,"column":9},"end":{"line":1,"column":12}},"loc":{"start":{"line":1,"column":19},"end":{"line":3,"column":1}},"line":1}},"branchMap":{},"s":{"0":1,"1":1},"f":{"0":1},"b":{},"_coverageSchema":"1a1c01bbd47fc00a2c39e90264f33305004495a9","hash":"923ed317a7c767e846a9823668c022505f9750f5"}
,"D:\\Downloadss\\pts\\pts\\utils\\Utils.js": {"path":"D:\\Downloadss\\pts\\pts\\utils\\Utils.js","statementMap":{"0":{"start":{"line":2,"column":15},"end":{"line":2,"column":166}},"1":{"start":{"line":3,"column":4},"end":{"line":3,"column":48}},"2":{"start":{"line":7,"column":4},"end":{"line":15,"column":5}},"3":{"start":{"line":8,"column":8},"end":{"line":8,"column":25}},"4":{"start":{"line":10,"column":9},"end":{"line":15,"column":5}},"5":{"start":{"line":11,"column":8},"end":{"line":11,"column":25}},"6":{"start":{"line":14,"column":8},"end":{"line":14,"column":38}},"7":{"start":{"line":19,"column":4},"end":{"line":23,"column":5}},"8":{"start":{"line":20,"column":8},"end":{"line":20,"column":57}},"9":{"start":{"line":22,"column":8},"end":{"line":22,"column":28}},"10":{"start":{"line":26,"column":14},"end":{"line":30,"column":1}}},"fnMap":{"0":{"name":"isValidEmail","decl":{"start":{"line":1,"column":9},"end":{"line":1,"column":21}},"loc":{"start":{"line":1,"column":29},"end":{"line":4,"column":1}},"line":1},"1":{"name":"validateEmail","decl":{"start":{"line":6,"column":9},"end":{"line":6,"column":22}},"loc":{"start":{"line":6,"column":45},"end":{"line":16,"column":1}},"line":6},"2":{"name":"validatePassword","decl":{"start":{"line":18,"column":9},"end":{"line":18,"column":25}},"loc":{"start":{"line":18,"column":51},"end":{"line":24,"column":1}},"line":18}},"branchMap":{"0":{"loc":{"start":{"line":7,"column":4},"end":{"line":15,"column":5}},"type":"if","locations":[{"start":{"line":7,"column":4},"end":{"line":15,"column":5}},{"start":{"line":7,"column":4},"end":{"line":15,"column":5}}],"line":7},"1":{"loc":{"start":{"line":10,"column":9},"end":{"line":15,"column":5}},"type":"if","locations":[{"start":{"line":10,"column":9},"end":{"line":15,"column":5}},{"start":{"line":10,"column":9},"end":{"line":15,"column":5}}],"line":10},"2":{"loc":{"start":{"line":19,"column":4},"end":{"line":23,"column":5}},"type":"if","locations":[{"start":{"line":19,"column":4},"end":{"line":23,"column":5}},{"start":{"line":19,"column":4},"end":{"line":23,"column":5}}],"line":19}},"s":{"0":0,"1":0,"2":0,"3":0,"4":0,"5":0,"6":0,"7":0,"8":0,"9":0,"10":1},"f":{"0":0,"1":0,"2":0},"b":{"0":[0,0],"1":[0,0],"2":[0,0]},"_coverageSchema":"1a1c01bbd47fc00a2c39e90264f33305004495a9","hash":"27947ee46b7f2bd19ff1ea213829c7054ee7ba46"}
,"D:\\Downloadss\\pts\\pts\\utils\\index.js": {"path":"D:\\Downloadss\\pts\\pts\\utils\\index.js","statementMap":{},"fnMap":{},"branchMap":{},"s":{},"f":{},"b":{},"_coverageSchema":"1a1c01bbd47fc00a2c39e90264f33305004495a9","hash":"a3e46d084c3a1b67e34d73acd3748e8dc737961c"}
}
