TN:
SF:App.js
FN:67,(anonymous_0)
FN:81,onAuthStateChanged
FN:87,(anonymous_2)
FNF:3
FNH:1
FNDA:1,(anonymous_0)
FNDA:0,onAuthStateChanged
FNDA:0,(anonymous_2)
DA:33,1
DA:40,1
DA:45,1
DA:46,1
DA:56,1
DA:57,1
DA:59,0
DA:62,1
DA:66,1
DA:67,1
DA:68,1
DA:77,1
DA:78,1
DA:79,1
DA:82,0
DA:84,0
DA:85,0
DA:87,1
DA:88,0
DA:89,0
DA:92,1
DA:93,1
DA:103,0
DA:184,1
LF:24
LH:17
BRDA:56,0,0,1
BRDA:56,0,1,0
BRDA:84,1,0,0
BRDA:84,1,1,0
BRDA:92,2,0,1
BRDA:92,2,1,0
BRDA:92,3,0,1
BRDA:92,3,1,0
BRDA:118,4,0,0
BRDA:118,4,1,0
BRF:10
BRH:3
end_of_record
TN:
SF:Stripe\config.js
FNF:0
FNH:0
DA:1,0
LF:1
LH:0
BRF:0
BRH:0
end_of_record
TN:
SF:components\AuthTextButton.js
FN:6,(anonymous_0)
FNF:1
FNH:0
FNDA:0,(anonymous_0)
DA:6,1
DA:7,0
LF:2
LH:1
BRF:0
BRH:0
end_of_record
TN:
SF:components\AuthTextIconButton.js
FN:7,(anonymous_0)
FNF:1
FNH:0
FNDA:0,(anonymous_0)
DA:7,1
DA:17,0
DA:57,1
LF:3
LH:2
BRDA:27,0,0,0
BRDA:27,0,1,0
BRDA:45,1,0,0
BRDA:45,1,1,0
BRF:4
BRH:0
end_of_record
TN:
SF:components\CustomSwitch.js
FN:5,(anonymous_0)
FN:8,(anonymous_1)
FNF:2
FNH:0
FNDA:0,(anonymous_0)
FNDA:0,(anonymous_1)
DA:5,1
DA:6,0
DA:8,0
DA:43,1
LF:4
LH:2
BRDA:18,0,0,0
BRDA:18,0,1,0
BRDA:23,1,0,0
BRDA:23,1,1,0
BRDA:32,2,0,0
BRDA:32,2,1,0
BRF:6
BRH:0
end_of_record
TN:
SF:components\FormInput.js
FN:7,(anonymous_0)
FNF:1
FNH:0
FNDA:0,(anonymous_0)
DA:7,1
DA:23,0
LF:2
LH:1
BRDA:16,0,0,0
BRDA:17,1,0,0
BRDA:18,2,0,0
BRDA:19,3,0,0
BRF:4
BRH:0
end_of_record
TN:
SF:components\Header.js
FN:5,(anonymous_0)
FNF:1
FNH:0
FNDA:0,(anonymous_0)
DA:5,1
DA:6,0
LF:2
LH:1
BRF:0
BRH:0
end_of_record
TN:
SF:components\HeaderBar.js
FN:6,(anonymous_0)
FNF:1
FNH:0
FNDA:0,(anonymous_0)
DA:6,0
DA:7,0
LF:2
LH:0
BRF:0
BRH:0
end_of_record
TN:
SF:components\HorizontalFoodCard.js
FN:10,(anonymous_0)
FNF:1
FNH:0
FNDA:0,(anonymous_0)
DA:10,1
DA:11,0
LF:2
LH:1
BRF:0
BRH:0
end_of_record
TN:
SF:components\IconButton.js
FN:8,(anonymous_0)
FNF:1
FNH:0
FNDA:0,(anonymous_0)
DA:8,1
DA:9,0
LF:2
LH:1
BRF:0
BRH:0
end_of_record
TN:
SF:components\Rating.js
FN:9,(anonymous_0)
FN:13,(anonymous_1)
FN:18,(anonymous_2)
FN:27,(anonymous_3)
FN:42,(anonymous_4)
FN:47,(anonymous_5)
FN:52,(anonymous_6)
FNF:7
FNH:0
FNDA:0,(anonymous_0)
FNDA:0,(anonymous_1)
FNDA:0,(anonymous_2)
FNDA:0,(anonymous_3)
FNDA:0,(anonymous_4)
FNDA:0,(anonymous_5)
FNDA:0,(anonymous_6)
DA:7,0
DA:10,0
DA:14,0
DA:15,0
DA:19,0
DA:20,0
DA:22,0
DA:23,0
DA:27,0
DA:37,0
DA:43,0
DA:44,0
DA:48,0
DA:52,0
LF:14
LH:0
BRDA:7,0,0,0
BRDA:7,0,1,0
BRDA:15,1,0,0
BRDA:15,1,1,0
BRDA:20,2,0,0
BRDA:20,2,1,0
BRDA:25,3,0,0
BRDA:25,3,1,0
BRDA:30,4,0,0
BRDA:30,4,1,0
BRDA:31,5,0,0
BRDA:31,5,1,0
BRDA:43,6,0,0
BRDA:43,6,1,0
BRF:14
BRH:0
end_of_record
TN:
SF:components\SwipeButton.js
FN:28,(anonymous_0)
FN:35,(anonymous_1)
FN:44,(anonymous_2)
FN:47,(anonymous_3)
FN:59,(anonymous_4)
FN:72,(anonymous_5)
FN:75,(anonymous_6)
FN:82,(anonymous_7)
FN:92,(anonymous_8)
FNF:9
FNH:0
FNDA:0,(anonymous_0)
FNDA:0,(anonymous_1)
FNDA:0,(anonymous_2)
FNDA:0,(anonymous_3)
FNDA:0,(anonymous_4)
FNDA:0,(anonymous_5)
FNDA:0,(anonymous_6)
FNDA:0,(anonymous_7)
FNDA:0,(anonymous_8)
DA:19,1
DA:20,1
DA:21,1
DA:22,1
DA:24,1
DA:25,1
DA:26,1
DA:28,1
DA:30,0
DA:32,0
DA:35,0
DA:36,0
DA:37,0
DA:38,0
DA:43,0
DA:45,0
DA:49,0
DA:50,0
DA:52,0
DA:55,0
DA:56,0
DA:60,0
DA:61,0
DA:62,0
DA:64,0
DA:65,0
DA:70,0
DA:71,0
DA:73,0
DA:76,0
DA:83,0
DA:93,0
DA:114,0
DA:132,1
LF:34
LH:9
BRDA:36,0,0,0
BRDA:36,0,1,0
BRDA:49,1,0,0
BRDA:49,1,1,0
BRDA:55,2,0,0
BRDA:55,2,1,0
BRDA:55,3,0,0
BRDA:55,3,1,0
BRDA:60,4,0,0
BRDA:60,4,1,0
BRF:10
BRH:0
end_of_record
TN:
SF:components\TextButton.js
FN:7,(anonymous_0)
FNF:1
FNH:0
FNDA:0,(anonymous_0)
DA:7,1
DA:8,0
LF:2
LH:1
BRF:0
BRH:0
end_of_record
TN:
SF:components\TextIconButton.js
FN:7,(anonymous_0)
FNF:1
FNH:0
FNDA:0,(anonymous_0)
DA:7,1
DA:8,0
LF:2
LH:1
BRF:0
BRH:0
end_of_record
TN:
SF:components\TwoPointSlider.js
FN:10,(anonymous_0)
FN:28,(anonymous_1)
FN:62,(anonymous_2)
FNF:3
FNH:0
FNDA:0,(anonymous_0)
FNDA:0,(anonymous_1)
FNDA:0,(anonymous_2)
DA:10,0
DA:11,0
DA:29,0
DA:62,0
DA:67,0
LF:5
LH:0
BRF:0
BRH:0
end_of_record
TN:
SF:components\VerticalFoodCard.js
FN:9,(anonymous_0)
FNF:1
FNH:0
FNDA:0,(anonymous_0)
DA:9,1
DA:10,0
LF:2
LH:1
BRDA:39,0,0,0
BRDA:39,0,1,0
BRF:2
BRH:0
end_of_record
TN:
SF:components\index.js
FNF:0
FNH:0
LF:0
LH:0
BRF:0
BRH:0
end_of_record
TN:
SF:constants\constants.js
FNF:0
FNH:0
DA:1,1
DA:25,1
DA:36,1
DA:59,1
DA:74,1
DA:97,1
LF:6
LH:6
BRF:0
BRH:0
end_of_record
TN:
SF:constants\dummyData.js
FNF:0
FNH:0
DA:1,1
DA:7,1
DA:25,1
DA:36,1
DA:47,1
DA:58,1
DA:69,1
DA:116,1
LF:8
LH:8
BRF:0
BRH:0
end_of_record
TN:
SF:constants\icons.js
FNF:0
FNH:0
DA:1,1
DA:2,1
DA:3,1
DA:4,1
DA:5,1
DA:6,1
DA:7,1
DA:8,1
DA:9,1
DA:10,1
DA:11,1
DA:12,1
DA:13,1
DA:14,1
DA:15,1
DA:16,1
DA:17,1
DA:18,1
DA:19,1
DA:20,1
DA:21,1
DA:22,1
DA:23,1
DA:24,1
DA:25,1
DA:26,1
DA:27,1
DA:28,1
DA:29,1
DA:30,1
DA:31,1
LF:31
LH:31
BRF:0
BRH:0
end_of_record
TN:
SF:constants\images.js
FNF:0
FNH:0
DA:1,1
DA:2,1
DA:3,1
DA:4,1
DA:5,1
DA:6,1
DA:7,1
DA:8,1
DA:10,1
DA:11,1
DA:12,1
DA:13,1
DA:14,1
DA:15,1
DA:16,1
DA:17,1
DA:18,1
DA:19,1
DA:20,1
DA:21,1
DA:22,1
DA:23,1
DA:24,1
DA:25,1
DA:26,1
DA:27,1
DA:28,1
DA:29,1
DA:30,1
DA:31,1
DA:32,1
DA:33,1
DA:34,1
DA:35,1
DA:36,1
DA:37,1
DA:38,1
DA:39,1
LF:38
LH:38
BRF:0
BRH:0
end_of_record
TN:
SF:constants\index.js
FNF:0
FNH:0
LF:0
LH:0
BRF:0
BRH:0
end_of_record
TN:
SF:constants\maps.js
FNF:0
FNH:0
DA:1,1
LF:1
LH:1
BRF:0
BRH:0
end_of_record
TN:
SF:constants\theme.js
FNF:0
FNH:0
DA:2,1
DA:4,1
DA:31,1
DA:55,1
DA:69,1
LF:5
LH:5
BRF:0
BRH:0
end_of_record
TN:
SF:firebase\api.js
FN:9,customerRegistration
FN:33,vendorRegistration
FN:50,signIn
FN:60,loggingOut
FN:68,checkVendorExist
FN:71,(anonymous_5)
FNF:6
FNH:0
FNDA:0,customerRegistration
FNDA:0,vendorRegistration
FNDA:0,signIn
FNDA:0,loggingOut
FNDA:0,checkVendorExist
FNDA:0,(anonymous_5)
DA:10,0
DA:11,0
DA:12,0
DA:22,0
DA:23,0
DA:30,0
DA:34,0
DA:35,0
DA:36,0
DA:38,0
DA:39,0
DA:46,0
DA:51,0
DA:52,0
DA:56,0
DA:61,0
DA:62,0
DA:64,0
DA:69,0
DA:70,0
DA:71,0
DA:72,0
DA:73,0
DA:74,0
DA:77,0
DA:78,0
DA:82,0
DA:84,0
LF:28
LH:0
BRDA:72,0,0,0
BRDA:72,0,1,0
BRF:2
BRH:0
end_of_record
TN:
SF:firebase\config.js
FNF:0
FNH:0
DA:12,0
DA:23,0
DA:24,0
LF:3
LH:0
BRF:0
BRH:0
end_of_record
TN:
SF:navigation\customdrawer.js
FN:53,(anonymous_0)
FN:92,(anonymous_1)
FN:94,(anonymous_2)
FN:122,(anonymous_3)
FN:142,(anonymous_4)
FN:175,(anonymous_5)
FN:185,(anonymous_6)
FN:196,(anonymous_7)
FN:207,(anonymous_8)
FN:228,(anonymous_9)
FN:251,(anonymous_10)
FN:261,(anonymous_11)
FN:264,onAuthStateChanged
FN:268,(anonymous_13)
FN:310,(anonymous_14)
FN:311,(anonymous_15)
FN:326,(anonymous_16)
FN:331,(anonymous_17)
FN:337,(anonymous_18)
FN:342,(anonymous_19)
FN:347,(anonymous_20)
FN:352,(anonymous_21)
FN:357,(anonymous_22)
FN:362,(anonymous_23)
FN:367,(anonymous_24)
FN:382,mapStateToProps
FN:388,mapDispatchToProps
FN:390,(anonymous_27)
FNF:28
FNH:0
FNDA:0,(anonymous_0)
FNDA:0,(anonymous_1)
FNDA:0,(anonymous_2)
FNDA:0,(anonymous_3)
FNDA:0,(anonymous_4)
FNDA:0,(anonymous_5)
FNDA:0,(anonymous_6)
FNDA:0,(anonymous_7)
FNDA:0,(anonymous_8)
FNDA:0,(anonymous_9)
FNDA:0,(anonymous_10)
FNDA:0,(anonymous_11)
FNDA:0,onAuthStateChanged
FNDA:0,(anonymous_13)
FNDA:0,(anonymous_14)
FNDA:0,(anonymous_15)
FNDA:0,(anonymous_16)
FNDA:0,(anonymous_17)
FNDA:0,(anonymous_18)
FNDA:0,(anonymous_19)
FNDA:0,(anonymous_20)
FNDA:0,(anonymous_21)
FNDA:0,(anonymous_22)
FNDA:0,(anonymous_23)
FNDA:0,(anonymous_24)
FNDA:0,mapStateToProps
FNDA:0,mapDispatchToProps
FNDA:0,(anonymous_27)
DA:32,1
DA:41,1
DA:51,1
DA:53,1
DA:56,0
DA:92,1
DA:93,0
DA:99,0
DA:122,0
DA:142,0
DA:176,0
DA:177,0
DA:186,0
DA:187,0
DA:197,0
DA:198,0
DA:208,0
DA:209,0
DA:230,0
DA:251,0
DA:261,1
DA:262,0
DA:263,0
DA:265,0
DA:268,0
DA:269,0
DA:270,0
DA:273,0
DA:278,0
DA:283,0
DA:285,0
DA:311,0
DA:312,0
DA:315,0
DA:326,0
DA:331,0
DA:337,0
DA:342,0
DA:347,0
DA:352,0
DA:357,0
DA:362,0
DA:367,0
DA:383,0
DA:389,0
DA:390,0
LF:46
LH:6
BRDA:65,0,0,0
BRDA:65,0,1,0
BRF:2
BRH:0
end_of_record
TN:
SF:screens\MainLayout.js
FN:25,(anonymous_0)
FN:84,(anonymous_1)
FN:100,(anonymous_2)
FN:105,(anonymous_3)
FN:111,(anonymous_4)
FN:116,(anonymous_5)
FN:122,(anonymous_6)
FN:128,(anonymous_7)
FN:134,(anonymous_8)
FN:139,(anonymous_9)
FN:147,(anonymous_10)
FN:152,(anonymous_11)
FN:233,(anonymous_12)
FN:274,(anonymous_13)
FN:275,(anonymous_14)
FN:383,mapStateToProps
FN:389,mapDispatchToProps
FN:391,(anonymous_17)
FNF:18
FNH:0
FNDA:0,(anonymous_0)
FNDA:0,(anonymous_1)
FNDA:0,(anonymous_2)
FNDA:0,(anonymous_3)
FNDA:0,(anonymous_4)
FNDA:0,(anonymous_5)
FNDA:0,(anonymous_6)
FNDA:0,(anonymous_7)
FNDA:0,(anonymous_8)
FNDA:0,(anonymous_9)
FNDA:0,(anonymous_10)
FNDA:0,(anonymous_11)
FNDA:0,(anonymous_12)
FNDA:0,(anonymous_13)
FNDA:0,(anonymous_14)
FNDA:0,mapStateToProps
FNDA:0,mapDispatchToProps
FNDA:0,(anonymous_17)
DA:25,1
DA:26,0
DA:84,1
DA:87,0
DA:90,0
DA:91,0
DA:92,0
DA:93,0
DA:94,0
DA:95,0
DA:96,0
DA:97,0
DA:100,0
DA:101,0
DA:105,0
DA:106,0
DA:111,0
DA:112,0
DA:116,0
DA:117,0
DA:122,0
DA:123,0
DA:128,0
DA:129,0
DA:134,0
DA:135,0
DA:139,0
DA:140,0
DA:147,0
DA:148,0
DA:152,0
DA:153,0
DA:154,0
DA:158,0
DA:159,0
DA:161,0
DA:162,0
DA:164,0
DA:165,0
DA:169,0
DA:170,0
DA:172,0
DA:173,0
DA:175,0
DA:176,0
DA:180,0
DA:181,0
DA:183,0
DA:184,0
DA:186,0
DA:187,0
DA:191,0
DA:192,0
DA:194,0
DA:195,0
DA:201,0
DA:233,0
DA:274,0
DA:276,0
DA:384,0
DA:390,0
DA:391,0
LF:62
LH:2
BRDA:41,0,0,0
BRDA:41,0,1,0
BRDA:41,0,2,0
BRDA:61,1,0,0
BRDA:61,1,1,0
BRDA:65,2,0,0
BRDA:65,2,1,0
BRDA:153,3,0,0
BRDA:153,3,1,0
BRDA:164,4,0,0
BRDA:164,4,1,0
BRDA:175,5,0,0
BRDA:175,5,1,0
BRDA:186,6,0,0
BRDA:186,6,1,0
BRDA:283,7,0,0
BRDA:283,7,1,0
BRDA:284,8,0,0
BRDA:284,8,1,0
BRDA:285,9,0,0
BRDA:285,9,1,0
BRDA:286,10,0,0
BRDA:286,10,1,0
BRDA:287,11,0,0
BRDA:287,11,1,0
BRF:25
BRH:0
end_of_record
TN:
SF:screens\index.js
FNF:0
FNH:0
LF:0
LH:0
BRF:0
BRH:0
end_of_record
TN:
SF:screens\Authentication\AuthLayout.js
FN:9,(anonymous_0)
FNF:1
FNH:0
FNDA:0,(anonymous_0)
DA:9,1
DA:10,0
LF:2
LH:1
BRF:0
BRH:0
end_of_record
TN:
SF:screens\Authentication\ForgotPassword.js
FN:55,(anonymous_0)
FN:60,isEnableSendEmail
FN:65,(anonymous_2)
FN:105,(anonymous_3)
FN:146,(anonymous_4)
FNF:5
FNH:0
FNDA:0,(anonymous_0)
FNDA:0,isEnableSendEmail
FNDA:0,(anonymous_2)
FNDA:0,(anonymous_3)
FNDA:0,(anonymous_4)
DA:45,1
DA:55,1
DA:56,0
DA:58,0
DA:61,0
DA:64,0
DA:66,0
DA:76,0
DA:106,0
DA:107,0
DA:146,0
LF:11
LH:2
BRDA:61,0,0,0
BRDA:61,0,1,0
BRDA:118,1,0,0
BRDA:118,1,1,0
BRDA:118,2,0,0
BRDA:118,2,1,0
BRDA:118,2,2,0
BRDA:122,3,0,0
BRDA:122,3,1,0
BRDA:122,4,0,0
BRDA:122,4,1,0
BRDA:122,5,0,0
BRDA:122,5,1,0
BRDA:137,6,0,0
BRDA:137,6,1,0
BRDA:143,7,0,0
BRDA:143,7,1,0
BRF:17
BRH:0
end_of_record
TN:
SF:screens\Authentication\Otp.js
FN:12,(anonymous_0)
FN:14,(anonymous_1)
FN:15,(anonymous_2)
FN:16,(anonymous_3)
FN:25,(anonymous_4)
FN:61,(anonymous_5)
FN:95,(anonymous_6)
FN:116,(anonymous_7)
FN:142,(anonymous_8)
FNF:9
FNH:0
FNDA:0,(anonymous_0)
FNDA:0,(anonymous_1)
FNDA:0,(anonymous_2)
FNDA:0,(anonymous_3)
FNDA:0,(anonymous_4)
FNDA:0,(anonymous_5)
FNDA:0,(anonymous_6)
FNDA:0,(anonymous_7)
FNDA:0,(anonymous_8)
DA:12,1
DA:13,0
DA:14,0
DA:15,0
DA:16,0
DA:17,0
DA:18,0
DA:20,0
DA:25,0
DA:31,0
DA:62,0
DA:95,0
DA:116,0
DA:142,0
LF:14
LH:1
BRDA:17,0,0,0
BRDA:17,0,1,0
BRDA:85,1,0,0
BRDA:85,1,1,0
BRF:4
BRH:0
end_of_record
TN:
SF:screens\Authentication\SignIn.js
FN:25,(anonymous_0)
FN:68,(anonymous_1)
FN:91,isEnabledSignIn
FN:99,onAuthStateChanged
FN:107,(anonymous_4)
FN:174,(anonymous_5)
FN:200,(anonymous_6)
FN:213,(anonymous_7)
FN:266,(anonymous_8)
FN:326,mapStateToProps
FNF:10
FNH:0
FNDA:0,(anonymous_0)
FNDA:0,(anonymous_1)
FNDA:0,isEnabledSignIn
FNDA:0,onAuthStateChanged
FNDA:0,(anonymous_4)
FNDA:0,(anonymous_5)
FNDA:0,(anonymous_6)
FNDA:0,(anonymous_7)
FNDA:0,(anonymous_8)
FNDA:0,mapStateToProps
DA:25,1
DA:48,0
DA:65,0
DA:69,0
DA:70,0
DA:71,0
DA:72,0
DA:77,0
DA:78,0
DA:79,0
DA:92,0
DA:95,0
DA:96,0
DA:97,0
DA:100,0
DA:101,0
DA:102,0
DA:104,0
DA:105,0
DA:107,0
DA:108,0
DA:109,0
DA:112,0
DA:113,0
DA:120,0
DA:174,0
DA:200,0
DA:213,0
DA:266,0
DA:327,0
DA:336,1
LF:31
LH:2
BRDA:69,0,0,0
BRDA:69,0,1,0
BRDA:70,1,0,0
BRDA:70,1,1,0
BRDA:77,2,0,0
BRDA:77,2,1,0
BRDA:92,3,0,0
BRDA:92,3,1,0
BRDA:92,3,2,0
BRDA:101,4,0,0
BRDA:101,4,1,0
BRDA:104,5,0,0
BRDA:104,5,1,0
BRDA:112,6,0,0
BRDA:112,6,1,0
BRDA:122,7,0,0
BRDA:122,7,1,0
BRDA:145,8,0,0
BRDA:145,8,1,0
BRDA:145,9,0,0
BRDA:145,9,1,0
BRDA:145,9,2,0
BRDA:149,10,0,0
BRDA:149,10,1,0
BRDA:149,11,0,0
BRDA:149,11,1,0
BRDA:149,12,0,0
BRDA:149,12,1,0
BRDA:178,13,0,0
BRDA:178,13,1,0
BRDA:223,14,0,0
BRDA:223,14,1,0
BRDA:229,15,0,0
BRDA:229,15,1,0
BRF:34
BRH:0
end_of_record
TN:
SF:screens\Authentication\SignUp.js
FN:37,(anonymous_0)
FN:61,(anonymous_1)
FN:69,isEnabledSignUp
FN:81,onAuthStateChanged
FN:92,(anonymous_4)
FN:193,(anonymous_5)
FN:225,(anonymous_6)
FN:281,(anonymous_7)
FN:294,mapStateToProps
FNF:9
FNH:0
FNDA:0,(anonymous_0)
FNDA:0,(anonymous_1)
FNDA:0,isEnabledSignUp
FNDA:0,onAuthStateChanged
FNDA:0,(anonymous_4)
FNDA:0,(anonymous_5)
FNDA:0,(anonymous_6)
FNDA:0,(anonymous_7)
FNDA:0,mapStateToProps
DA:24,1
DA:37,1
DA:58,0
DA:62,0
DA:63,0
DA:64,0
DA:65,0
DA:71,0
DA:73,0
DA:77,0
DA:78,0
DA:79,0
DA:82,0
DA:83,0
DA:84,0
DA:86,0
DA:87,0
DA:92,0
DA:93,0
DA:94,0
DA:99,0
DA:100,0
DA:107,0
DA:193,0
DA:225,0
DA:281,0
DA:295,0
DA:304,1
LF:28
LH:3
BRDA:62,0,0,0
BRDA:62,0,1,0
BRDA:64,1,0,0
BRDA:64,1,1,0
BRDA:73,2,0,0
BRDA:73,2,1,0
BRDA:73,2,2,0
BRDA:73,2,3,0
BRDA:83,3,0,0
BRDA:83,3,1,0
BRDA:86,4,0,0
BRDA:86,4,1,0
BRDA:99,5,0,0
BRDA:99,5,1,0
BRDA:110,6,0,0
BRDA:110,6,1,0
BRDA:137,7,0,0
BRDA:137,7,1,0
BRDA:137,8,0,0
BRDA:137,8,1,0
BRDA:137,8,2,0
BRDA:141,9,0,0
BRDA:141,9,1,0
BRDA:141,10,0,0
BRDA:141,10,1,0
BRDA:141,11,0,0
BRDA:141,11,1,0
BRDA:197,12,0,0
BRDA:197,12,1,0
BRDA:229,13,0,0
BRDA:229,13,1,0
BRDA:244,14,0,0
BRDA:244,14,1,0
BRDA:250,15,0,0
BRDA:250,15,1,0
BRF:35
BRH:0
end_of_record
TN:
SF:screens\Cart\Cart.js
FN:49,(anonymous_0)
FN:59,(anonymous_1)
FN:63,(anonymous_2)
FN:65,(anonymous_3)
FN:105,isEnabledSignUp
FN:108,sumOrder
FN:109,(anonymous_6)
FN:144,(anonymous_7)
FN:184,(anonymous_8)
FN:185,(anonymous_9)
FN:187,(anonymous_10)
FN:247,(anonymous_11)
FN:274,mapStateToProps
FN:280,mapDispatchToProps
FN:282,(anonymous_14)
FNF:15
FNH:0
FNDA:0,(anonymous_0)
FNDA:0,(anonymous_1)
FNDA:0,(anonymous_2)
FNDA:0,(anonymous_3)
FNDA:0,isEnabledSignUp
FNDA:0,sumOrder
FNDA:0,(anonymous_6)
FNDA:0,(anonymous_7)
FNDA:0,(anonymous_8)
FNDA:0,(anonymous_9)
FNDA:0,(anonymous_10)
FNDA:0,(anonymous_11)
FNDA:0,mapStateToProps
FNDA:0,mapDispatchToProps
FNDA:0,(anonymous_14)
DA:34,1
DA:47,1
DA:48,1
DA:49,1
DA:57,0
DA:59,0
DA:60,0
DA:63,0
DA:64,0
DA:65,0
DA:66,0
DA:103,0
DA:106,0
DA:109,0
DA:111,0
DA:113,0
DA:115,0
DA:144,0
DA:184,0
DA:186,0
DA:188,0
DA:189,0
DA:190,0
DA:247,0
DA:275,0
DA:281,0
DA:282,0
DA:291,1
LF:28
LH:5
BRDA:106,0,0,0
BRDA:106,0,1,0
BRDA:106,0,2,0
BRDA:109,1,0,0
BRDA:109,1,1,0
BRF:5
BRH:0
end_of_record
TN:
SF:screens\Cart\CartTab.js
FN:7,(anonymous_0)
FNF:1
FNH:0
FNDA:0,(anonymous_0)
DA:7,1
DA:8,0
LF:2
LH:1
BRF:0
BRH:0
end_of_record
TN:
SF:screens\Checkout\AddressConfirm.js
FN:28,(anonymous_0)
FN:50,(anonymous_1)
FN:60,isuseDefaultAddressSelected
FN:69,isEnabledSignUp
FN:102,(anonymous_4)
FN:153,(anonymous_5)
FN:166,(anonymous_6)
FN:294,mapStateToProps
FN:300,mapDispatchToProps
FN:302,(anonymous_9)
FNF:10
FNH:0
FNDA:0,(anonymous_0)
FNDA:0,(anonymous_1)
FNDA:0,isuseDefaultAddressSelected
FNDA:0,isEnabledSignUp
FNDA:0,(anonymous_4)
FNDA:0,(anonymous_5)
FNDA:0,(anonymous_6)
FNDA:0,mapStateToProps
FNDA:0,mapDispatchToProps
FNDA:0,(anonymous_9)
DA:28,1
DA:29,0
DA:30,0
DA:37,0
DA:47,0
DA:51,0
DA:58,0
DA:62,0
DA:70,0
DA:73,0
DA:102,0
DA:153,0
DA:166,0
DA:295,0
DA:301,0
DA:302,0
DA:311,1
LF:17
LH:2
BRDA:58,0,0,0
BRDA:58,0,1,0
BRDA:70,1,0,0
BRDA:70,1,1,0
BRDA:70,1,2,0
BRDA:151,2,0,0
BRDA:151,2,1,0
BRDA:164,3,0,0
BRDA:164,3,1,0
BRDA:170,4,0,0
BRDA:170,4,1,0
BRDA:183,5,0,0
BRDA:183,5,1,0
BRDA:183,6,0,0
BRDA:183,6,1,0
BRDA:183,6,2,0
BRDA:187,7,0,0
BRDA:187,7,1,0
BRDA:187,8,0,0
BRDA:187,8,1,0
BRDA:187,9,0,0
BRDA:187,9,1,0
BRDA:200,10,0,0
BRDA:200,10,1,0
BRDA:200,11,0,0
BRDA:200,11,1,0
BRDA:200,11,2,0
BRDA:204,12,0,0
BRDA:204,12,1,0
BRDA:204,13,0,0
BRDA:204,13,1,0
BRDA:204,14,0,0
BRDA:204,14,1,0
BRDA:218,15,0,0
BRDA:218,15,1,0
BRDA:218,16,0,0
BRDA:218,16,1,0
BRDA:218,16,2,0
BRDA:222,17,0,0
BRDA:222,17,1,0
BRDA:222,18,0,0
BRDA:222,18,1,0
BRDA:222,19,0,0
BRDA:222,19,1,0
BRDA:236,20,0,0
BRDA:236,20,1,0
BRDA:236,21,0,0
BRDA:236,21,1,0
BRDA:236,21,2,0
BRDA:240,22,0,0
BRDA:240,22,1,0
BRDA:240,23,0,0
BRDA:240,23,1,0
BRDA:240,24,0,0
BRDA:240,24,1,0
BRDA:254,25,0,0
BRDA:254,25,1,0
BRDA:254,26,0,0
BRDA:254,26,1,0
BRDA:254,26,2,0
BRDA:258,27,0,0
BRDA:258,27,1,0
BRDA:258,28,0,0
BRDA:258,28,1,0
BRDA:258,29,0,0
BRDA:258,29,1,0
BRF:66
BRH:0
end_of_record
TN:
SF:screens\Checkout\Checkout.js
FN:36,(anonymous_0)
FN:78,onSubmit
FN:103,(anonymous_2)
FN:107,isEnabledSignUp
FN:140,(anonymous_4)
FN:222,mapStateToProps
FN:228,mapDispatchToProps
FN:230,(anonymous_7)
FNF:8
FNH:0
FNDA:0,(anonymous_0)
FNDA:0,onSubmit
FNDA:0,(anonymous_2)
FNDA:0,isEnabledSignUp
FNDA:0,(anonymous_4)
FNDA:0,mapStateToProps
FNDA:0,mapDispatchToProps
FNDA:0,(anonymous_7)
DA:36,1
DA:37,0
DA:42,0
DA:49,0
DA:50,0
DA:51,0
DA:52,0
DA:67,0
DA:77,0
DA:82,0
DA:97,0
DA:98,0
DA:103,0
DA:108,0
DA:111,0
DA:140,0
DA:223,0
DA:229,0
DA:230,0
DA:239,1
LF:20
LH:2
BRDA:108,0,0,0
BRDA:108,0,1,0
BRDA:108,0,2,0
BRDA:167,1,0,0
BRDA:167,1,1,0
BRDA:188,2,0,0
BRDA:188,2,1,0
BRF:7
BRH:0
end_of_record
TN:
SF:screens\Checkout\Layout.js
FN:9,(anonymous_0)
FNF:1
FNH:0
FNDA:0,(anonymous_0)
DA:9,1
DA:10,0
LF:2
LH:1
BRF:0
BRH:0
end_of_record
TN:
SF:screens\Checkout\OrderSuccess.js
FN:20,(anonymous_0)
FN:45,(anonymous_1)
FN:60,(anonymous_2)
FNF:3
FNH:0
FNDA:0,(anonymous_0)
FNDA:0,(anonymous_1)
FNDA:0,(anonymous_2)
DA:20,1
DA:23,0
DA:45,0
DA:60,0
DA:79,1
LF:5
LH:2
BRF:0
BRH:0
end_of_record
TN:
SF:screens\CustomerInitial\Language.js
FN:20,(anonymous_0)
FN:38,(anonymous_1)
FN:41,isLanguageSelected
FN:67,(anonymous_3)
FN:68,(anonymous_4)
FN:78,(anonymous_5)
FN:80,(anonymous_6)
FN:90,(anonymous_7)
FN:92,(anonymous_8)
FNF:9
FNH:0
FNDA:0,(anonymous_0)
FNDA:0,(anonymous_1)
FNDA:0,isLanguageSelected
FNDA:0,(anonymous_3)
FNDA:0,(anonymous_4)
FNDA:0,(anonymous_5)
FNDA:0,(anonymous_6)
FNDA:0,(anonymous_7)
FNDA:0,(anonymous_8)
DA:20,1
DA:22,0
DA:35,0
DA:39,0
DA:42,0
DA:46,0
DA:67,0
DA:68,0
DA:78,0
DA:80,0
DA:90,0
DA:92,0
DA:130,1
LF:13
LH:2
BRDA:69,0,0,0
BRDA:69,0,1,0
BRDA:81,1,0,0
BRDA:81,1,1,0
BRDA:93,2,0,0
BRDA:93,2,1,0
BRDA:103,3,0,0
BRDA:103,3,1,0
BRDA:109,4,0,0
BRDA:109,4,1,0
BRF:10
BRH:0
end_of_record
TN:
SF:screens\CustomerInitial\Layout.js
FN:9,(anonymous_0)
FNF:1
FNH:0
FNDA:0,(anonymous_0)
DA:9,1
DA:10,0
LF:2
LH:1
BRF:0
BRH:0
end_of_record
TN:
SF:screens\CustomerInitial\PaymentOption.js
FN:20,(anonymous_0)
FN:38,(anonymous_1)
FN:41,isPaymentMethodSelected
FN:67,(anonymous_3)
FN:68,(anonymous_4)
FN:78,(anonymous_5)
FN:80,(anonymous_6)
FN:90,(anonymous_7)
FN:92,(anonymous_8)
FNF:9
FNH:0
FNDA:0,(anonymous_0)
FNDA:0,(anonymous_1)
FNDA:0,isPaymentMethodSelected
FNDA:0,(anonymous_3)
FNDA:0,(anonymous_4)
FNDA:0,(anonymous_5)
FNDA:0,(anonymous_6)
FNDA:0,(anonymous_7)
FNDA:0,(anonymous_8)
DA:20,1
DA:22,0
DA:35,0
DA:39,0
DA:42,0
DA:46,0
DA:67,0
DA:68,0
DA:78,0
DA:80,0
DA:90,0
DA:92,0
DA:130,1
LF:13
LH:2
BRDA:69,0,0,0
BRDA:69,0,1,0
BRDA:81,1,0,0
BRDA:81,1,1,0
BRDA:93,2,0,0
BRDA:93,2,1,0
BRDA:103,3,0,0
BRDA:103,3,1,0
BRDA:109,4,0,0
BRDA:109,4,1,0
BRF:10
BRH:0
end_of_record
TN:
SF:screens\CustomerInitial\SetLocation.js
FN:22,(anonymous_0)
FN:35,setCoordinate
FN:103,(anonymous_2)
FNF:3
FNH:0
FNDA:0,(anonymous_0)
FNDA:0,setCoordinate
FNDA:0,(anonymous_2)
DA:22,1
DA:24,0
DA:25,0
DA:26,0
DA:33,0
DA:36,0
DA:37,0
DA:38,0
DA:39,0
DA:42,0
DA:43,0
DA:44,0
DA:45,0
DA:49,0
DA:50,0
DA:51,0
DA:52,0
DA:53,0
DA:56,0
DA:103,0
DA:121,1
LF:21
LH:2
BRDA:37,0,0,0
BRDA:37,0,1,0
BRDA:50,1,0,0
BRDA:50,1,1,0
BRDA:52,2,0,0
BRDA:52,2,1,0
BRDA:101,3,0,0
BRDA:101,3,1,0
BRF:8
BRH:0
end_of_record
TN:
SF:screens\CustomerInitial\SignUpSuccess.js
FN:19,(anonymous_0)
FN:56,(anonymous_1)
FNF:2
FNH:0
FNDA:0,(anonymous_0)
FNDA:0,(anonymous_1)
DA:19,1
DA:22,0
DA:56,0
DA:75,1
LF:4
LH:2
BRF:0
BRH:0
end_of_record
TN:
SF:screens\CustomerInitial\UserBio.js
FN:21,(anonymous_0)
FN:46,(anonymous_1)
FN:49,isFormFilled
FNF:3
FNH:0
FNDA:0,(anonymous_0)
FNDA:0,(anonymous_1)
FNDA:0,isFormFilled
DA:21,1
DA:24,0
DA:25,0
DA:43,0
DA:47,0
DA:50,0
DA:54,0
LF:7
LH:1
BRDA:50,0,0,0
BRDA:50,0,1,0
BRDA:50,0,2,0
BRDA:80,1,0,0
BRDA:80,1,1,0
BRDA:80,2,0,0
BRDA:80,2,1,0
BRDA:80,2,2,0
BRDA:84,3,0,0
BRDA:84,3,1,0
BRDA:84,4,0,0
BRDA:84,4,1,0
BRDA:84,5,0,0
BRDA:84,5,1,0
BRDA:104,6,0,0
BRDA:104,6,1,0
BRDA:104,7,0,0
BRDA:104,7,1,0
BRDA:104,7,2,0
BRDA:108,8,0,0
BRDA:108,8,1,0
BRDA:108,9,0,0
BRDA:108,9,1,0
BRDA:108,10,0,0
BRDA:108,10,1,0
BRDA:128,11,0,0
BRDA:128,11,1,0
BRDA:128,12,0,0
BRDA:128,12,1,0
BRDA:128,12,2,0
BRDA:132,13,0,0
BRDA:132,13,1,0
BRDA:132,14,0,0
BRDA:132,14,1,0
BRDA:132,15,0,0
BRDA:132,15,1,0
BRDA:152,16,0,0
BRDA:152,16,1,0
BRDA:152,17,0,0
BRDA:152,17,1,0
BRDA:152,17,2,0
BRDA:156,18,0,0
BRDA:156,18,1,0
BRDA:156,19,0,0
BRDA:156,19,1,0
BRDA:156,20,0,0
BRDA:156,20,1,0
BRDA:172,21,0,0
BRDA:172,21,1,0
BRDA:178,22,0,0
BRDA:178,22,1,0
BRF:51
BRH:0
end_of_record
TN:
SF:screens\CustomerProfile\Profile.js
FN:27,(anonymous_0)
FN:72,(anonymous_1)
FN:82,isEnabledSignUp
FN:115,(anonymous_3)
FN:316,(anonymous_4)
FN:349,(anonymous_5)
FN:400,mapStateToProps
FN:406,mapDispatchToProps
FN:408,(anonymous_8)
FNF:9
FNH:0
FNDA:0,(anonymous_0)
FNDA:0,(anonymous_1)
FNDA:0,isEnabledSignUp
FNDA:0,(anonymous_3)
FNDA:0,(anonymous_4)
FNDA:0,(anonymous_5)
FNDA:0,mapStateToProps
FNDA:0,mapDispatchToProps
FNDA:0,(anonymous_8)
DA:27,1
DA:28,0
DA:30,0
DA:56,0
DA:83,0
DA:86,0
DA:115,0
DA:316,0
DA:349,0
DA:401,0
DA:407,0
DA:408,0
DA:417,1
LF:13
LH:2
BRDA:83,0,0,0
BRDA:83,0,1,0
BRDA:83,0,2,0
BRDA:182,1,0,0
BRDA:182,1,1,0
BRDA:182,2,0,0
BRDA:182,2,1,0
BRDA:182,2,2,0
BRDA:186,3,0,0
BRDA:186,3,1,0
BRDA:186,4,0,0
BRDA:186,4,1,0
BRDA:186,5,0,0
BRDA:186,5,1,0
BRDA:207,6,0,0
BRDA:207,6,1,0
BRDA:207,7,0,0
BRDA:207,7,1,0
BRDA:207,7,2,0
BRDA:211,8,0,0
BRDA:211,8,1,0
BRDA:211,9,0,0
BRDA:211,9,1,0
BRDA:211,10,0,0
BRDA:211,10,1,0
BRDA:232,11,0,0
BRDA:232,11,1,0
BRDA:232,12,0,0
BRDA:232,12,1,0
BRDA:232,12,2,0
BRDA:236,13,0,0
BRDA:236,13,1,0
BRDA:236,14,0,0
BRDA:236,14,1,0
BRDA:236,15,0,0
BRDA:236,15,1,0
BRDA:259,16,0,0
BRDA:259,16,1,0
BRDA:259,17,0,0
BRDA:259,17,1,0
BRDA:259,17,2,0
BRDA:263,18,0,0
BRDA:263,18,1,0
BRDA:263,19,0,0
BRDA:263,19,1,0
BRDA:263,20,0,0
BRDA:263,20,1,0
BRDA:320,21,0,0
BRDA:320,21,1,0
BRDA:353,22,0,0
BRDA:353,22,1,0
BRF:51
BRH:0
end_of_record
TN:
SF:screens\Favourite\Favourite.js
FN:6,(anonymous_0)
FNF:1
FNH:0
FNDA:0,(anonymous_0)
DA:6,1
DA:7,0
LF:2
LH:1
BRF:0
BRH:0
end_of_record
TN:
SF:screens\Home\FilterModal.js
FN:9,(anonymous_0)
FN:18,(anonymous_1)
FN:29,(anonymous_2)
FN:41,(anonymous_3)
FN:52,renderDistance
FN:70,renderDeliveryTime
FN:85,(anonymous_6)
FN:102,(anonymous_7)
FN:113,renderPricingRange
FN:135,renderRating
FN:147,(anonymous_10)
FN:167,(anonymous_11)
FN:178,renderTags
FN:185,(anonymous_13)
FN:202,(anonymous_14)
FN:227,(anonymous_15)
FN:254,(anonymous_16)
FN:304,(anonymous_17)
FNF:18
FNH:0
FNDA:0,(anonymous_0)
FNDA:0,(anonymous_1)
FNDA:0,(anonymous_2)
FNDA:0,(anonymous_3)
FNDA:0,renderDistance
FNDA:0,renderDeliveryTime
FNDA:0,(anonymous_6)
FNDA:0,(anonymous_7)
FNDA:0,renderPricingRange
FNDA:0,renderRating
FNDA:0,(anonymous_10)
FNDA:0,(anonymous_11)
FNDA:0,renderTags
FNDA:0,(anonymous_13)
FNDA:0,(anonymous_14)
FNDA:0,(anonymous_15)
FNDA:0,(anonymous_16)
FNDA:0,(anonymous_17)
DA:9,1
DA:10,0
DA:18,1
DA:19,0
DA:21,0
DA:24,0
DA:25,0
DA:26,0
DA:29,0
DA:30,0
DA:31,0
DA:37,0
DA:41,0
DA:47,0
DA:53,0
DA:71,0
DA:86,0
DA:102,0
DA:114,0
DA:136,0
DA:148,0
DA:167,0
DA:179,0
DA:186,0
DA:202,0
DA:212,0
DA:227,0
DA:254,0
DA:304,0
LF:29
LH:2
BRDA:30,0,0,0
BRDA:30,0,1,0
BRDA:91,1,0,0
BRDA:91,1,1,0
BRDA:100,2,0,0
BRDA:100,2,1,0
BRDA:157,3,0,0
BRDA:157,3,1,0
BRDA:161,4,0,0
BRDA:161,4,1,0
BRDA:165,5,0,0
BRDA:165,5,1,0
BRDA:191,6,0,0
BRDA:191,6,1,0
BRDA:200,7,0,0
BRDA:200,7,1,0
BRF:16
BRH:0
end_of_record
TN:
SF:screens\Home\Home.js
FN:335,(anonymous_0)
FN:361,(anonymous_1)
FN:375,(anonymous_2)
FN:381,handleChangeCategory
FN:383,(anonymous_4)
FN:386,(anonymous_5)
FN:389,(anonymous_6)
FN:392,(anonymous_7)
FN:395,(anonymous_8)
FN:398,(anonymous_9)
FN:403,renderSearch
FN:433,(anonymous_11)
FN:447,renderMenuTypes
FN:456,(anonymous_13)
FN:458,(anonymous_14)
FN:466,(anonymous_15)
FN:483,renderRecommendedSection
FN:486,(anonymous_17)
FN:490,(anonymous_18)
FN:493,(anonymous_19)
FN:510,(anonymous_20)
FN:520,renderPopularSection
FN:524,(anonymous_22)
FN:528,(anonymous_23)
FN:531,(anonymous_24)
FN:539,(anonymous_25)
FN:550,renderFoodCategories
FN:554,(anonymous_27)
FN:557,(anonymous_28)
FN:570,(anonymous_29)
FN:600,renderDeliveryTo
FN:643,(anonymous_31)
FN:649,(anonymous_32)
FN:671,(anonymous_33)
FN:688,(anonymous_34)
FNF:35
FNH:0
FNDA:0,(anonymous_0)
FNDA:0,(anonymous_1)
FNDA:0,(anonymous_2)
FNDA:0,handleChangeCategory
FNDA:0,(anonymous_4)
FNDA:0,(anonymous_5)
FNDA:0,(anonymous_6)
FNDA:0,(anonymous_7)
FNDA:0,(anonymous_8)
FNDA:0,(anonymous_9)
FNDA:0,renderSearch
FNDA:0,(anonymous_11)
FNDA:0,renderMenuTypes
FNDA:0,(anonymous_13)
FNDA:0,(anonymous_14)
FNDA:0,(anonymous_15)
FNDA:0,renderRecommendedSection
FNDA:0,(anonymous_17)
FNDA:0,(anonymous_18)
FNDA:0,(anonymous_19)
FNDA:0,(anonymous_20)
FNDA:0,renderPopularSection
FNDA:0,(anonymous_22)
FNDA:0,(anonymous_23)
FNDA:0,(anonymous_24)
FNDA:0,(anonymous_25)
FNDA:0,renderFoodCategories
FNDA:0,(anonymous_27)
FNDA:0,(anonymous_28)
FNDA:0,(anonymous_29)
FNDA:0,renderDeliveryTo
FNDA:0,(anonymous_31)
FNDA:0,(anonymous_32)
FNDA:0,(anonymous_33)
FNDA:0,(anonymous_34)
DA:15,1
DA:16,1
DA:17,1
DA:20,1
DA:335,1
DA:336,0
DA:361,1
DA:364,0
DA:365,0
DA:366,0
DA:368,0
DA:370,0
DA:373,0
DA:375,0
DA:376,0
DA:383,0
DA:386,0
DA:389,0
DA:392,0
DA:395,0
DA:398,0
DA:404,0
DA:433,0
DA:448,0
DA:456,0
DA:459,0
DA:467,0
DA:468,0
DA:484,0
DA:486,0
DA:490,0
DA:494,0
DA:510,0
DA:521,0
DA:524,0
DA:528,0
DA:533,0
DA:539,0
DA:551,0
DA:554,0
DA:558,0
DA:571,0
DA:572,0
DA:601,0
DA:630,0
DA:643,0
DA:649,0
DA:672,0
DA:688,0
LF:49
LH:6
BRDA:463,0,0,0
BRDA:463,0,1,0
BRDA:473,1,0,0
BRDA:473,1,1,0
BRDA:498,2,0,0
BRDA:498,2,1,0
BRDA:499,3,0,0
BRDA:499,3,1,0
BRDA:535,4,0,0
BRDA:535,4,1,0
BRDA:536,5,0,0
BRDA:536,5,1,0
BRDA:563,6,0,0
BRDA:563,6,1,0
BRDA:564,7,0,0
BRDA:564,7,1,0
BRDA:567,8,0,0
BRDA:567,8,1,0
BRDA:588,9,0,0
BRDA:588,9,1,0
BRDA:640,10,0,0
BRDA:640,10,1,0
BRF:22
BRH:0
end_of_record
TN:
SF:screens\MapRender\MapRender.js
FN:27,(anonymous_0)
FN:77,(anonymous_1)
FN:82,(anonymous_2)
FN:83,(anonymous_3)
FN:145,(anonymous_4)
FN:190,mapStateToProps
FN:196,mapDispatchToProps
FN:198,(anonymous_7)
FNF:8
FNH:0
FNDA:0,(anonymous_0)
FNDA:0,(anonymous_1)
FNDA:0,(anonymous_2)
FNDA:0,(anonymous_3)
FNDA:0,(anonymous_4)
FNDA:0,mapStateToProps
FNDA:0,mapDispatchToProps
FNDA:0,(anonymous_7)
DA:27,1
DA:28,0
DA:77,1
DA:78,0
DA:79,0
DA:80,0
DA:81,0
DA:82,0
DA:83,0
DA:84,0
DA:85,0
DA:86,0
DA:87,0
DA:90,0
DA:91,0
DA:97,0
DA:98,0
DA:107,0
DA:145,0
DA:191,0
DA:197,0
DA:198,0
LF:22
LH:2
BRDA:55,0,0,0
BRDA:55,0,1,0
BRDA:59,1,0,0
BRDA:59,1,1,0
BRDA:85,2,0,0
BRDA:85,2,1,0
BRF:6
BRH:0
end_of_record
TN:
SF:screens\Notification\Notification.js
FN:6,(anonymous_0)
FNF:1
FNH:0
FNDA:0,(anonymous_0)
DA:6,1
DA:7,0
LF:2
LH:1
BRF:0
BRH:0
end_of_record
TN:
SF:screens\OnBoarding\OnBoarding.js
FN:13,(anonymous_0)
FN:18,(anonymous_1)
FN:22,(anonymous_2)
FN:35,(anonymous_3)
FN:68,renderHeaderLogo
FN:98,renderFooter
FN:137,(anonymous_6)
FN:146,(anonymous_7)
FN:168,(anonymous_8)
FN:204,(anonymous_9)
FN:205,(anonymous_10)
FNF:11
FNH:0
FNDA:0,(anonymous_0)
FNDA:0,(anonymous_1)
FNDA:0,(anonymous_2)
FNDA:0,(anonymous_3)
FNDA:0,renderHeaderLogo
FNDA:0,renderFooter
FNDA:0,(anonymous_6)
FNDA:0,(anonymous_7)
FNDA:0,(anonymous_8)
FNDA:0,(anonymous_9)
FNDA:0,(anonymous_10)
DA:13,1
DA:15,0
DA:16,0
DA:17,0
DA:18,0
DA:19,0
DA:22,0
DA:23,0
DA:26,0
DA:36,0
DA:42,0
DA:47,0
DA:69,0
DA:99,0
DA:137,0
DA:147,0
DA:168,0
DA:180,0
DA:204,0
DA:206,0
LF:20
LH:1
BRDA:73,0,0,0
BRDA:73,0,1,0
BRDA:120,1,0,0
BRDA:120,1,1,0
BRDA:155,2,0,0
BRDA:155,2,1,0
BRDA:224,3,0,0
BRDA:224,3,1,0
BRF:8
BRH:0
end_of_record
TN:
SF:screens\OrderDelivery\OrderDelivery.js
FN:13,(anonymous_0)
FN:54,(anonymous_1)
FN:76,calculateAngle
FN:87,zoomIn
FN:99,zoomOut
FN:111,renderMap
FN:112,(anonymous_6)
FN:149,(anonymous_7)
FN:182,(anonymous_8)
FN:219,renderDestinationHeader
FN:262,renderDeliveryInfo
FN:331,(anonymous_11)
FN:345,(anonymous_12)
FN:356,renderButtons
FN:380,(anonymous_14)
FN:397,(anonymous_15)
FNF:16
FNH:0
FNDA:0,(anonymous_0)
FNDA:0,(anonymous_1)
FNDA:0,calculateAngle
FNDA:0,zoomIn
FNDA:0,zoomOut
FNDA:0,renderMap
FNDA:0,(anonymous_6)
FNDA:0,(anonymous_7)
FNDA:0,(anonymous_8)
FNDA:0,renderDestinationHeader
FNDA:0,renderDeliveryInfo
FNDA:0,(anonymous_11)
FNDA:0,(anonymous_12)
FNDA:0,renderButtons
FNDA:0,(anonymous_14)
FNDA:0,(anonymous_15)
DA:13,1
DA:14,0
DA:15,0
DA:16,0
DA:17,0
DA:25,0
DA:42,0
DA:45,0
DA:46,0
DA:47,0
DA:48,0
DA:50,0
DA:51,0
DA:52,0
DA:54,0
DA:57,0
DA:58,0
DA:59,0
DA:61,0
DA:69,0
DA:70,0
DA:71,0
DA:72,0
DA:77,0
DA:78,0
DA:79,0
DA:80,0
DA:81,0
DA:82,0
DA:84,0
DA:88,0
DA:95,0
DA:96,0
DA:100,0
DA:107,0
DA:108,0
DA:112,0
DA:113,0
DA:149,0
DA:150,0
DA:167,0
DA:183,0
DA:185,0
DA:187,0
DA:197,0
DA:202,0
DA:203,0
DA:204,0
DA:207,0
DA:208,0
DA:220,0
DA:263,0
DA:331,0
DA:345,0
DA:357,0
DA:380,0
DA:397,0
DA:406,0
LF:58
LH:1
BRDA:185,0,0,0
BRDA:185,0,1,0
BRDA:202,1,0,0
BRDA:202,1,1,0
BRDA:213,2,0,0
BRDA:213,2,1,0
BRF:6
BRH:0
end_of_record
TN:
SF:screens\Restaurant\Restaurant.js
FN:22,(anonymous_0)
FN:31,(anonymous_1)
FN:40,editOrder
FN:42,(anonymous_3)
FN:77,getOrderQty
FN:78,(anonymous_5)
FN:87,getBasketItemCount
FN:88,(anonymous_7)
FN:93,sumOrder
FN:94,(anonymous_9)
FN:132,(anonymous_10)
FN:139,(anonymous_11)
FN:144,(anonymous_12)
FN:192,(anonymous_13)
FN:243,(anonymous_14)
FN:271,(anonymous_15)
FN:287,(anonymous_16)
FN:374,(anonymous_17)
FN:406,mapStateToProps
FN:412,mapDispatchToProps
FN:414,(anonymous_20)
FNF:21
FNH:0
FNDA:0,(anonymous_0)
FNDA:0,(anonymous_1)
FNDA:0,editOrder
FNDA:0,(anonymous_3)
FNDA:0,getOrderQty
FNDA:0,(anonymous_5)
FNDA:0,getBasketItemCount
FNDA:0,(anonymous_7)
FNDA:0,sumOrder
FNDA:0,(anonymous_9)
FNDA:0,(anonymous_10)
FNDA:0,(anonymous_11)
FNDA:0,(anonymous_12)
FNDA:0,(anonymous_13)
FNDA:0,(anonymous_14)
FNDA:0,(anonymous_15)
FNDA:0,(anonymous_16)
FNDA:0,(anonymous_17)
FNDA:0,mapStateToProps
FNDA:0,mapDispatchToProps
FNDA:0,(anonymous_20)
DA:22,1
DA:23,0
DA:24,0
DA:25,0
DA:26,0
DA:28,0
DA:29,0
DA:31,0
DA:32,0
DA:34,0
DA:35,0
DA:41,0
DA:42,0
DA:44,0
DA:45,0
DA:46,0
DA:47,0
DA:48,0
DA:50,0
DA:56,0
DA:59,0
DA:61,0
DA:62,0
DA:63,0
DA:64,0
DA:65,0
DA:69,0
DA:70,0
DA:78,0
DA:80,0
DA:81,0
DA:84,0
DA:88,0
DA:90,0
DA:94,0
DA:96,0
DA:103,0
DA:132,0
DA:139,0
DA:193,0
DA:243,0
DA:271,0
DA:287,0
DA:374,0
DA:407,0
DA:413,0
DA:414,0
DA:423,1
LF:48
LH:2
BRDA:44,0,0,0
BRDA:44,0,1,0
BRDA:45,1,0,0
BRDA:45,1,1,0
BRDA:61,2,0,0
BRDA:61,2,1,0
BRDA:62,3,0,0
BRDA:62,3,1,0
BRDA:80,4,0,0
BRDA:80,4,1,0
BRDA:88,5,0,0
BRDA:88,5,1,0
BRDA:94,6,0,0
BRDA:94,6,1,0
BRDA:200,7,0,0
BRDA:200,7,1,0
BRDA:200,7,2,0
BRDA:204,8,0,0
BRDA:204,8,1,0
BRDA:204,8,2,0
BRDA:229,9,0,0
BRDA:229,9,1,0
BRDA:277,10,0,0
BRDA:277,10,1,0
BRDA:385,11,0,0
BRDA:385,11,1,0
BRF:26
BRH:0
end_of_record
TN:
SF:screens\Search\Search.js
FN:6,(anonymous_0)
FNF:1
FNH:0
FNDA:0,(anonymous_0)
DA:6,1
DA:7,0
LF:2
LH:1
BRF:0
BRH:0
end_of_record
TN:
SF:screens\Welcome\Welcome.js
FN:11,(anonymous_0)
FN:38,(anonymous_1)
FN:60,(anonymous_2)
FN:82,mapStateToProps
FN:88,mapDispatchToProps
FN:90,(anonymous_5)
FNF:6
FNH:0
FNDA:0,(anonymous_0)
FNDA:0,(anonymous_1)
FNDA:0,(anonymous_2)
FNDA:0,mapStateToProps
FNDA:0,mapDispatchToProps
FNDA:0,(anonymous_5)
DA:11,1
DA:12,0
DA:39,0
DA:41,0
DA:61,0
DA:62,0
DA:63,0
DA:83,0
DA:89,0
DA:90,0
LF:10
LH:1
BRF:0
BRH:0
end_of_record
TN:
SF:stores\rootReducer.js
FNF:0
FNH:0
LF:0
LH:0
BRF:0
BRH:0
end_of_record
TN:
SF:stores\customer\customerActions.js
FN:9,(anonymous_0)
FN:14,setSelectedTab
FN:15,(anonymous_2)
FNF:3
FNH:0
FNDA:0,(anonymous_0)
FNDA:0,setSelectedTab
FNDA:0,(anonymous_2)
DA:1,0
DA:2,0
DA:3,0
DA:4,0
DA:5,0
DA:6,0
DA:9,0
DA:15,0
DA:16,0
LF:9
LH:0
BRF:0
BRH:0
end_of_record
TN:
SF:stores\customer\customerReducer.js
FN:14,(anonymous_0)
FNF:1
FNH:0
FNDA:0,(anonymous_0)
DA:3,0
DA:14,0
DA:15,0
DA:17,0
DA:22,0
DA:27,0
DA:32,0
DA:37,0
DA:42,0
DA:47,0
LF:10
LH:0
BRDA:14,0,0,0
BRDA:15,1,0,0
BRDA:15,1,1,0
BRDA:15,1,2,0
BRDA:15,1,3,0
BRDA:15,1,4,0
BRDA:15,1,5,0
BRDA:15,1,6,0
BRF:8
BRH:0
end_of_record
TN:
SF:stores\tab\tabActions.js
FN:3,(anonymous_0)
FN:8,setSelectedTab
FN:9,(anonymous_2)
FNF:3
FNH:0
FNDA:0,(anonymous_0)
FNDA:0,setSelectedTab
FNDA:0,(anonymous_2)
DA:1,1
DA:3,1
DA:9,0
DA:10,0
LF:4
LH:2
BRF:0
BRH:0
end_of_record
TN:
SF:stores\tab\tabReducer.js
FN:7,(anonymous_0)
FNF:1
FNH:1
FNDA:3,(anonymous_0)
DA:3,1
DA:7,1
DA:8,3
DA:10,0
DA:15,3
LF:5
LH:4
BRDA:7,0,0,3
BRDA:8,1,0,0
BRDA:8,1,1,3
BRF:3
BRH:2
end_of_record
TN:
SF:stores\user\userActions.js
FN:3,(anonymous_0)
FN:8,setUserType
FN:9,(anonymous_2)
FNF:3
FNH:0
FNDA:0,(anonymous_0)
FNDA:0,setUserType
FNDA:0,(anonymous_2)
DA:1,1
DA:3,1
DA:9,0
DA:10,0
LF:4
LH:2
BRF:0
BRH:0
end_of_record
TN:
SF:stores\user\userReducer.js
FN:8,(anonymous_0)
FNF:1
FNH:1
FNDA:3,(anonymous_0)
DA:3,1
DA:8,1
DA:9,3
DA:11,0
DA:16,3
LF:5
LH:4
BRDA:8,0,0,3
BRDA:9,1,0,0
BRDA:9,1,1,3
BRF:3
BRH:2
end_of_record
TN:
SF:test\sum.js
FN:1,sum
FNF:1
FNH:1
FNDA:1,sum
DA:2,1
DA:4,1
LF:2
LH:2
BRF:0
BRH:0
end_of_record
TN:
SF:utils\Utils.js
FN:1,isValidEmail
FN:6,validateEmail
FN:18,validatePassword
FNF:3
FNH:0
FNDA:0,isValidEmail
FNDA:0,validateEmail
FNDA:0,validatePassword
DA:2,0
DA:3,0
DA:7,0
DA:8,0
DA:10,0
DA:11,0
DA:14,0
DA:19,0
DA:20,0
DA:22,0
DA:26,1
LF:11
LH:1
BRDA:7,0,0,0
BRDA:7,0,1,0
BRDA:10,1,0,0
BRDA:10,1,1,0
BRDA:19,2,0,0
BRDA:19,2,1,0
BRF:6
BRH:0
end_of_record
TN:
SF:utils\index.js
FNF:0
FNH:0
LF:0
LH:0
BRF:0
BRH:0
end_of_record
